#
# A fatal error has been detected by the Java Runtime Environment:
#
#  SIGSEGV (0xb) at pc=0x00007c8976e9f8de, pid=62337, tid=62364
#
# JRE version: Java(TM) SE Runtime Environment (21.0.1+12) (build 21.0.1+12-LTS-29)
# Java VM: Java HotSpot(TM) 64-Bit Server VM (21.0.1+12-LTS-29, mixed mode, sharing, tiered, compressed oops, compressed class ptrs, g1 gc, linux-amd64)
# Problematic frame:
# V  [libjvm.so+0x89f8de]  PhaseChaitin::interfere_with_live(unsigned int, IndexSet*) [clone .part.0]+0x25e
#
# Core dump will be written. Default location: Core dumps may be processed with "/usr/share/apport/apport -p%p -s%s -c%c -d%d -P%P -u%u -g%g -- %E" (or dumping to /home/mindit-166/Desktop/miraiapi/core.62337)
#
# If you would like to submit a bug report, please visit:
#   https://bugreport.java.com/bugreport/crash.jsp
#

---------------  S U M M A R Y ------------

Command Line: -agentlib:jdwp=transport=dt_socket,address=127.0.0.1:46353,suspend=y,server=n -javaagent:/snap/intellij-idea-community/498/plugins/java/lib/rt/debugger-agent.jar -Dfile.encoding=UTF-8 -Dsun.stdout.encoding=UTF-8 -Dsun.stderr.encoding=UTF-8 com.mirai.MiraiApplication

Host: Intel(R) Core(TM) i5-8350U CPU @ 1.70GHz, 8 cores, 7G, Ubuntu 22.04.4 LTS
Time: Thu May 16 17:43:46 2024 IST elapsed time: 2.186655 seconds (0d 0h 0m 2s)

---------------  T H R E A D  ---------------

Current thread (0x00007c88d806ea50):  JavaThread "C2 CompilerThread1" daemon [_thread_in_native, id=62364, stack(0x00007c88fec00000,0x00007c88fed00000) (1024K)]


Current CompileTask:
C2:   2186 2576       4       java.lang.invoke.MethodType::makeImpl (109 bytes)

Stack: [0x00007c88fec00000,0x00007c88fed00000],  sp=0x00007c88fecfc040,  free space=1008k
Native frames: (J=compiled Java code, j=interpreted, Vv=VM code, C=native code)
V  [libjvm.so+0x89f8de]  PhaseChaitin::interfere_with_live(unsigned int, IndexSet*) [clone .part.0]+0x25e
V  [libjvm.so+0x8a0a9f]  PhaseChaitin::build_ifg_virtual()+0x44f
V  [libjvm.so+0x5a08ef]  PhaseChaitin::Register_Allocate()+0x1ef
V  [libjvm.so+0x642756]  Compile::Code_Gen()+0x326
V  [libjvm.so+0x646ad4]  Compile::Compile(ciEnv*, ciMethod*, int, Options, DirectiveSet*)+0x1574
V  [libjvm.so+0x5742c0]  C2Compiler::compile_method(ciEnv*, ciMethod*, int, bool, DirectiveSet*)+0x120
V  [libjvm.so+0x64c147]  CompileBroker::invoke_compiler_on_method(CompileTask*)+0xa97
V  [libjvm.so+0x64f228]  CompileBroker::compiler_thread_loop()+0x698
V  [libjvm.so+0x8f4c68]  JavaThread::thread_main_inner() [clone .part.0]+0xb8
V  [libjvm.so+0xe99918]  Thread::call_run()+0xa8
V  [libjvm.so+0xcbf89a]  thread_native_entry(Thread*)+0xda

siginfo: si_signo: 11 (SIGSEGV), si_code: 1 (SEGV_MAPERR), si_addr: 0x0000000000000000

Registers:
RAX=0x0000000000000000, RBX=0x00000000000007c9, RCX=0x0000000000000000, RDX=0x00007c88c05462e0
RSP=0x00007c88fecfc040, RBP=0x00007c88fecfc0b0, RSI=0x0000000004000000, RDI=0x0000000004000000
R8 =0x000000000000001a, R9 =0x00007c88fecfc280, R10=0x0000000000000001, R11=0x0000000000000001
R12=0x000000000004dda0, R13=0x00007c88fecfc050, R14=0x00007c88c064f058, R15=0x00007c88fecfc590
RIP=0x00007c8976e9f8de, EFLAGS=0x0000000000010246, CSGSFS=0x002b000000000033, ERR=0x0000000000000004
  TRAPNO=0x000000000000000e


Register to memory mapping:

RAX=0x0 is null
RBX=0x00000000000007c9 is an unknown value
RCX=0x0 is null
RDX=0x00007c88c05462e0 points into unknown readable memory: 0x0000000000000000 | 00 00 00 00 00 00 00 00
RSP=0x00007c88fecfc040 is pointing into the stack for thread: 0x00007c88d806ea50
RBP=0x00007c88fecfc0b0 is pointing into the stack for thread: 0x00007c88d806ea50
RSI=0x0000000004000000 is an unknown value
RDI=0x0000000004000000 is an unknown value
R8 =0x000000000000001a is an unknown value
R9 =0x00007c88fecfc280 is pointing into the stack for thread: 0x00007c88d806ea50
R10=0x0000000000000001 is an unknown value
R11=0x0000000000000001 is an unknown value
R12=0x000000000004dda0 is an unknown value
R13=0x00007c88fecfc050 is pointing into the stack for thread: 0x00007c88d806ea50
R14=0x00007c88c064f058 points into unknown readable memory: 0x0000000000000000 | 00 00 00 00 00 00 00 00
R15=0x00007c88fecfc590 is pointing into the stack for thread: 0x00007c88d806ea50

Top of Stack: (sp=0x00007c88fecfc040)
0x00007c88fecfc040:   0000071500000000 00007c88c05461a0
0x00007c88fecfc050:   0000000000000016 000000010000001a
0x00007c88fecfc060:   0000000800000001 00007c88d8185c40
0x00007c88fecfc070:   00007c88c0565530 00007c88c0565520
0x00007c88fecfc080:   00007c8977a21740 00007c88d4146aa8
0x00007c88fecfc090:   00007c88c0565520 00007c88fecfc590
0x00007c88fecfc0a0:   00000000000007c9 0000000000000002
0x00007c88fecfc0b0:   00007c88fecfc190 00007c8976ea0a9f
0x00007c88fecfc0c0:   0000000a00000000 00007c88fecfc100
0x00007c88fecfc0d0:   0000000000000018 000004cc00000003
0x00007c88fecfc0e0:   0000000000000008 00007c88d4562270
0x00007c88fecfc0f0:   0000000000000010 00007c88d4561fb0
0x00007c88fecfc100:   00007c8977a20000 0000000000000000
0x00007c88fecfc110:   00007c8977a21740 00007c8977a21700
0x00007c88fecfc120:   0000000000000008 00007c8977645bc9
0x00007c88fecfc130:   0000000000000000 0000000000000000
0x00007c88fecfc140:   0000000000000000 00007c8977645bc9
0x00007c88fecfc150:   000003e700000000 00007c88d806f1a0
0x00007c88fecfc160:   00007c88fecfc4f0 00007c88fecfc590
0x00007c88fecfc170:   00007c88fecfc250 00007c88fecfc380
0x00007c88fecfc180:   00007c88d402b790 00007c88fecfc320
0x00007c88fecfc190:   00007c88fecfc470 00007c8976ba08ef
0x00007c88fecfc1a0:   00007c88c03d6620 00007c88c0000090
0x00007c88fecfc1b0:   00000000000003d8 00007c88d402bb78
0x00007c88fecfc1c0:   00007c88fecfc220 00007c88fecfc280
0x00007c88fecfc1d0:   00007c88fe0ee000 00007c88d402b7a0
0x00007c88fecfc1e0:   00007c88d402b790 00007c88d402b7a0
0x00007c88fecfc1f0:   00007c88fecfc250 00007c88d402b790
0x00007c88fecfc200:   00007c88d402b7a0 00007c88d402bb78
0x00007c88fecfc210:   00000000000003d8 000000780000007c
0x00007c88fecfc220:   000000a100000007 00007c88c0001210
0x00007c88fecfc230:   00007c88c0001210 00007c88c0001220 

Instructions: (pc=0x00007c8976e9f8de)
0x00007c8976e9f7de:   8d 52 05 4c 09 d8 44 39 d6 72 79 4e 8b 5c d7 38
0x00007c8976e9f7ee:   4f 23 5c d6 38 44 8d 52 06 4c 09 d8 44 39 d6 72
0x00007c8976e9f7fe:   63 4e 8b 5c d7 38 4f 23 5c d6 38 44 8d 52 07 4c
0x00007c8976e9f80e:   09 d8 44 39 d6 72 4d 4e 8b 5c d7 38 4f 23 5c d6
0x00007c8976e9f81e:   38 44 8d 52 08 4c 09 d8 44 39 d6 72 37 4e 8b 5c
0x00007c8976e9f82e:   d7 38 4f 23 5c d6 38 44 8d 52 09 4c 09 d8 44 39
0x00007c8976e9f83e:   d6 72 21 4e 8b 5c d7 38 83 c2 0a 4f 23 5c d6 38
0x00007c8976e9f84e:   4c 09 d8 39 d6 72 0d 49 8b 74 d6 38 48 23 74 d7
0x00007c8976e9f85e:   38 48 09 f0 48 85 c0 74 19 49 8b 51 10 39 cb 73
0x00007c8976e9f86e:   41 85 db 0f 85 90 00 00 00 66 0f 1f 84 00 00 00
0x00007c8976e9f87e:   00 00 48 8b 45 a0 48 85 c0 0f 85 7b fe ff ff 83
0x00007c8976e9f88e:   7d ac 03 76 08 8b 45 b4 39 45 b0 73 5d 4c 89 ef
0x00007c8976e9f89e:   e8 3d 9f 00 00 89 c1 e9 76 fe ff ff 66 0f 1f 44
0x00007c8976e9f8ae:   00 00 4c 01 e2 48 8b 72 08 89 c8 c1 e8 08 48 8b
0x00007c8976e9f8be:   04 c6 48 3b 05 09 ac b3 00 74 4d be 01 00 00 00
0x00007c8976e9f8ce:   48 d3 e6 c1 e9 06 83 e1 03 48 89 f7 48 8d 0c c8
0x00007c8976e9f8de:   48 8b 01 48 09 c7 48 89 39 48 85 c6 75 94 83 02
0x00007c8976e9f8ee:   01 eb 8f 0f 1f 80 00 00 00 00 48 83 c4 48 5b 41
0x00007c8976e9f8fe:   5c 41 5d 41 5e 41 5f 5d c3 4b 8d 04 80 89 d9 48
0x00007c8976e9f90e:   c1 e0 05 48 01 c2 eb 9d 89 ce 48 89 d7 89 4d 94
0x00007c8976e9f91e:   48 89 55 98 e8 49 99 00 00 8b 4d 94 48 8b 55 98
0x00007c8976e9f92e:   eb 99 55 48 89 e5 41 54 49 89 f4 be 0c 00 00 00
0x00007c8976e9f93e:   53 48 89 fb e8 49 b0 46 00 4c 89 63 30 5b 41 5c
0x00007c8976e9f94e:   5d c3 55 48 89 e5 41 57 49 89 ff 41 56 41 55 41
0x00007c8976e9f95e:   54 53 89 f3 48 83 ec 18 89 77 28 48 8b 77 30 bf
0x00007c8976e9f96e:   20 00 00 00 e8 19 30 b7 ff 49 8b 77 30 48 89 c7
0x00007c8976e9f97e:   49 89 c4 e8 ea 8e 65 00 49 8b 7f 30 4d 89 67 38
0x00007c8976e9f98e:   41 89 dc 41 c6 47 18 00 4b 8d 34 a4 48 8b 47 18
0x00007c8976e9f99e:   48 8b 57 20 48 c1 e6 05 48 29 c2 48 39 d6 0f 87
0x00007c8976e9f9ae:   de 00 00 00 48 01 c6 48 89 77 18 4d 8b 47 30 49
0x00007c8976e9f9be:   89 47 10 4b 8d 04 a4 4d 8d 2c 84 49 8b 78 18 49
0x00007c8976e9f9ce:   8b 40 20 49 c1 e5 03 4c 89 ee 48 29 f8 49 39 c5 


Stack slot to memory mapping:

stack at sp + 0 slots: 0x0000071500000000 is an unknown value
stack at sp + 1 slots: 0x00007c88c05461a0 points into unknown readable memory: 0x000000080000000e | 0e 00 00 00 08 00 00 00
stack at sp + 2 slots: 0x0000000000000016 is an unknown value
stack at sp + 3 slots: 0x000000010000001a is an unknown value
stack at sp + 4 slots: 0x0000000800000001 is an unknown value
stack at sp + 5 slots: 0x00007c88d8185c40 points into unknown readable memory: 0x000000005e00111c | 1c 11 00 5e 00 00 00 00
stack at sp + 6 slots: 0x00007c88c0565530 points into unknown readable memory: 0x00007c88d8185c40 | 40 5c 18 d8 88 7c 00 00
stack at sp + 7 slots: 0x00007c88c0565520 points into unknown readable memory: 0x0000000800000018 | 18 00 00 00 08 00 00 00


---------------  P R O C E S S  ---------------

Threads class SMR info:
_java_thread_list=0x00007c88a038ef30, length=14, elements={
0x00007c897002f010, 0x00007c897015e1c0, 0x00007c897015f810, 0x00007c89701612f0,
0x00007c8970162930, 0x00007c8970163ed0, 0x00007c8970165a10, 0x00007c89701670d0,
0x00007c8970188c70, 0x00007c89701d0e80, 0x00007c89701e4be0, 0x00007c88d0001120,
0x00007c89701fc3f0, 0x00007c88d806ea50
}

Java Threads: ( => current thread )
  0x00007c897002f010 JavaThread "main"                              [_thread_in_Java, id=62338, stack(0x00007c8977b00000,0x00007c8977c00000) (1024K)]
  0x00007c897015e1c0 JavaThread "Reference Handler"          daemon [_thread_blocked, id=62348, stack(0x00007c8954977000,0x00007c8954a77000) (1024K)]
  0x00007c897015f810 JavaThread "Finalizer"                  daemon [_thread_blocked, id=62349, stack(0x00007c8954877000,0x00007c8954977000) (1024K)]
  0x00007c89701612f0 JavaThread "Signal Dispatcher"          daemon [_thread_blocked, id=62350, stack(0x00007c8954777000,0x00007c8954877000) (1024K)]
  0x00007c8970162930 JavaThread "Service Thread"             daemon [_thread_blocked, id=62351, stack(0x00007c8954677000,0x00007c8954777000) (1024K)]
  0x00007c8970163ed0 JavaThread "Monitor Deflation Thread"   daemon [_thread_blocked, id=62352, stack(0x00007c8954577000,0x00007c8954677000) (1024K)]
  0x00007c8970165a10 JavaThread "C2 CompilerThread0"         daemon [_thread_in_native, id=62353, stack(0x00007c8954477000,0x00007c8954577000) (1024K)]
  0x00007c89701670d0 JavaThread "C1 CompilerThread0"         daemon [_thread_blocked, id=62354, stack(0x00007c8954377000,0x00007c8954477000) (1024K)]
  0x00007c8970188c70 JavaThread "Common-Cleaner"             daemon [_thread_blocked, id=62356, stack(0x00007c89541a7000,0x00007c89542a7000) (1024K)]
  0x00007c89701d0e80 JavaThread "JDWP Transport Listener: dt_socket" daemon [_thread_blocked, id=62358, stack(0x00007c89540a7000,0x00007c89541a7000) (1024K)]
  0x00007c89701e4be0 JavaThread "JDWP Event Helper Thread"   daemon [_thread_blocked, id=62360, stack(0x00007c88fef00000,0x00007c88ff000000) (1024K)]
  0x00007c88d0001120 JavaThread "JDWP Command Reader"        daemon [_thread_in_native, id=62361, stack(0x00007c88fee00000,0x00007c88fef00000) (1024K)]
  0x00007c89701fc3f0 JavaThread "Notification Thread"        daemon [_thread_blocked, id=62363, stack(0x00007c88fed00000,0x00007c88fee00000) (1024K)]
=>0x00007c88d806ea50 JavaThread "C2 CompilerThread1"         daemon [_thread_in_native, id=62364, stack(0x00007c88fec00000,0x00007c88fed00000) (1024K)]
Total: 14

Other Threads:
  0x00007c89701519c0 VMThread "VM Thread"                           [id=62347, stack(0x00007c8954a78000,0x00007c8954b78000) (1024K)]
  0x00007c8970137510 WatcherThread "VM Periodic Task Thread"        [id=62345, stack(0x00007c896ff00000,0x00007c8970000000) (1024K)]
  0x00007c89700878e0 WorkerThread "GC Thread#0"                     [id=62339, stack(0x00007c8974d80000,0x00007c8974e80000) (1024K)]
  0x00007c88ec008430 WorkerThread "GC Thread#1"                     [id=62367, stack(0x00007c88feb00000,0x00007c88fec00000) (1024K)]
  0x00007c88ec008ed0 WorkerThread "GC Thread#2"                     [id=62368, stack(0x00007c88fe9ff000,0x00007c88feaff000) (1024K)]
  0x00007c88ec011aa0 WorkerThread "GC Thread#3"                     [id=62369, stack(0x00007c88fe8fe000,0x00007c88fe9fe000) (1024K)]
  0x00007c88ec012560 WorkerThread "GC Thread#4"                     [id=62370, stack(0x00007c88fe7fd000,0x00007c88fe8fd000) (1024K)]
  0x00007c88ec0130b0 WorkerThread "GC Thread#5"                     [id=62371, stack(0x00007c88fe6fc000,0x00007c88fe7fc000) (1024K)]
  0x00007c88ec013c00 WorkerThread "GC Thread#6"                     [id=62372, stack(0x00007c88fe5fb000,0x00007c88fe6fb000) (1024K)]
  0x00007c88ec014750 WorkerThread "GC Thread#7"                     [id=62373, stack(0x00007c88fe4fa000,0x00007c88fe5fa000) (1024K)]
  0x00007c8970098330 ConcurrentGCThread "G1 Main Marker"            [id=62340, stack(0x00007c8974c7f000,0x00007c8974d7f000) (1024K)]
  0x00007c89700992d0 WorkerThread "G1 Conc#0"                       [id=62341, stack(0x00007c8974b7e000,0x00007c8974c7e000) (1024K)]
  0x00007c8970124070 ConcurrentGCThread "G1 Refine#0"               [id=62342, stack(0x00007c8974275000,0x00007c8974375000) (1024K)]
  0x00007c8970125020 ConcurrentGCThread "G1 Service"                [id=62343, stack(0x00007c8974174000,0x00007c8974274000) (1024K)]
Total: 14

Threads with active compile tasks:
C2 CompilerThread0     2208 2724   !   4       java.net.URL::<init> (543 bytes)
C1 CompilerThread0     2208 2783       3       org.springframework.beans.factory.support.AbstractAutowireCapableBeanFactory::getObjectForBeanInstance (34 bytes)
C2 CompilerThread1     2208 2576       4       java.lang.invoke.MethodType::makeImpl (109 bytes)
Total: 3

VM state: not at safepoint (normal execution)

VM Mutex/Monitor currently owned by a thread: None

Heap address: 0x0000000085e00000, size: 1954 MB, Compressed Oops mode: 32-bit

CDS archive(s) mapped at: [0x00007c88ff000000-0x00007c88ffcab000-0x00007c88ffcab000), size 13283328, SharedBaseAddress: 0x00007c88ff000000, ArchiveRelocationMode: 1.
Compressed class space mapped at: 0x00007c8900000000-0x00007c8940000000, reserved size: 1073741824
Narrow klass base: 0x00007c88ff000000, Narrow klass shift: 0, Narrow klass range: 0x100000000

GC Precious Log:
 CardTable entry size: 512
 Card Set container configuration: InlinePtr #cards 5 size 8 Array Of Cards #cards 12 size 40 Howl #buckets 4 coarsen threshold 1843 Howl Bitmap #cards 512 size 80 coarsen threshold 460 Card regions per heap region 1 cards per card region 2048
 CPUs: 8 total, 8 available
 Memory: 7809M
 Large Page Support: Disabled
 NUMA Support: Disabled
 Compressed Oops: Enabled (32-bit)
 Heap Region Size: 1M
 Heap Min Capacity: 8M
 Heap Initial Capacity: 124M
 Heap Max Capacity: 1954M
 Pre-touch: Disabled
 Parallel Workers: 8
 Concurrent Workers: 2
 Concurrent Refinement Workers: 8
 Periodic GC: Disabled

Heap:
 garbage-first heap   total 129024K, used 65253K [0x0000000085e00000, 0x0000000100000000)
  region size 1024K, 56 young (57344K), 2 survivors (2048K)
 Metaspace       used 19710K, committed 20032K, reserved 1114112K
  class space    used 2325K, committed 2496K, reserved 1048576K

Heap Regions: E=young(eden), S=young(survivor), O=old, HS=humongous(starts), HC=humongous(continues), CS=collection set, F=free, TAMS=top-at-mark-start, PB=parsable bottom
|   0|0x0000000085e00000, 0x0000000085f00000, 0x0000000085f00000|100%|HS|  |TAMS 0x0000000085e00000| PB 0x0000000085e00000| Complete 
|   1|0x0000000085f00000, 0x0000000086000000, 0x0000000086000000|100%| O|  |TAMS 0x0000000085f00000| PB 0x0000000085f00000| Untracked 
|   2|0x0000000086000000, 0x0000000086100000, 0x0000000086100000|100%| O|  |TAMS 0x0000000086000000| PB 0x0000000086000000| Untracked 
|   3|0x0000000086100000, 0x0000000086200000, 0x0000000086200000|100%| O|  |TAMS 0x0000000086100000| PB 0x0000000086100000| Untracked 
|   4|0x0000000086200000, 0x0000000086300000, 0x0000000086300000|100%| O|  |TAMS 0x0000000086200000| PB 0x0000000086200000| Untracked 
|   5|0x0000000086300000, 0x0000000086400000, 0x0000000086400000|100%| O|  |TAMS 0x0000000086300000| PB 0x0000000086300000| Untracked 
|   6|0x0000000086400000, 0x0000000086500000, 0x0000000086500000|100%| O|  |TAMS 0x0000000086400000| PB 0x0000000086400000| Untracked 
|   7|0x0000000086500000, 0x0000000086600000, 0x0000000086600000|100%| O|  |TAMS 0x0000000086500000| PB 0x0000000086500000| Untracked 
|   8|0x0000000086600000, 0x00000000866ddb10, 0x0000000086700000| 86%| O|  |TAMS 0x0000000086600000| PB 0x0000000086600000| Untracked 
|   9|0x0000000086700000, 0x0000000086700000, 0x0000000086800000|  0%| F|  |TAMS 0x0000000086700000| PB 0x0000000086700000| Untracked 
|  10|0x0000000086800000, 0x0000000086800000, 0x0000000086900000|  0%| F|  |TAMS 0x0000000086800000| PB 0x0000000086800000| Untracked 
|  11|0x0000000086900000, 0x0000000086900000, 0x0000000086a00000|  0%| F|  |TAMS 0x0000000086900000| PB 0x0000000086900000| Untracked 
|  12|0x0000000086a00000, 0x0000000086a00000, 0x0000000086b00000|  0%| F|  |TAMS 0x0000000086a00000| PB 0x0000000086a00000| Untracked 
|  13|0x0000000086b00000, 0x0000000086b00000, 0x0000000086c00000|  0%| F|  |TAMS 0x0000000086b00000| PB 0x0000000086b00000| Untracked 
|  14|0x0000000086c00000, 0x0000000086c00000, 0x0000000086d00000|  0%| F|  |TAMS 0x0000000086c00000| PB 0x0000000086c00000| Untracked 
|  15|0x0000000086d00000, 0x0000000086d00000, 0x0000000086e00000|  0%| F|  |TAMS 0x0000000086d00000| PB 0x0000000086d00000| Untracked 
|  16|0x0000000086e00000, 0x0000000086e00000, 0x0000000086f00000|  0%| F|  |TAMS 0x0000000086e00000| PB 0x0000000086e00000| Untracked 
|  17|0x0000000086f00000, 0x0000000086f00000, 0x0000000087000000|  0%| F|  |TAMS 0x0000000086f00000| PB 0x0000000086f00000| Untracked 
|  18|0x0000000087000000, 0x0000000087000000, 0x0000000087100000|  0%| F|  |TAMS 0x0000000087000000| PB 0x0000000087000000| Untracked 
|  19|0x0000000087100000, 0x0000000087100000, 0x0000000087200000|  0%| F|  |TAMS 0x0000000087100000| PB 0x0000000087100000| Untracked 
|  20|0x0000000087200000, 0x0000000087200000, 0x0000000087300000|  0%| F|  |TAMS 0x0000000087200000| PB 0x0000000087200000| Untracked 
|  21|0x0000000087300000, 0x0000000087300000, 0x0000000087400000|  0%| F|  |TAMS 0x0000000087300000| PB 0x0000000087300000| Untracked 
|  22|0x0000000087400000, 0x0000000087400000, 0x0000000087500000|  0%| F|  |TAMS 0x0000000087400000| PB 0x0000000087400000| Untracked 
|  23|0x0000000087500000, 0x0000000087500000, 0x0000000087600000|  0%| F|  |TAMS 0x0000000087500000| PB 0x0000000087500000| Untracked 
|  24|0x0000000087600000, 0x0000000087600000, 0x0000000087700000|  0%| F|  |TAMS 0x0000000087600000| PB 0x0000000087600000| Untracked 
|  25|0x0000000087700000, 0x0000000087700000, 0x0000000087800000|  0%| F|  |TAMS 0x0000000087700000| PB 0x0000000087700000| Untracked 
|  26|0x0000000087800000, 0x0000000087800000, 0x0000000087900000|  0%| F|  |TAMS 0x0000000087800000| PB 0x0000000087800000| Untracked 
|  27|0x0000000087900000, 0x0000000087900000, 0x0000000087a00000|  0%| F|  |TAMS 0x0000000087900000| PB 0x0000000087900000| Untracked 
|  28|0x0000000087a00000, 0x0000000087a00000, 0x0000000087b00000|  0%| F|  |TAMS 0x0000000087a00000| PB 0x0000000087a00000| Untracked 
|  29|0x0000000087b00000, 0x0000000087b00000, 0x0000000087c00000|  0%| F|  |TAMS 0x0000000087b00000| PB 0x0000000087b00000| Untracked 
|  30|0x0000000087c00000, 0x0000000087c00000, 0x0000000087d00000|  0%| F|  |TAMS 0x0000000087c00000| PB 0x0000000087c00000| Untracked 
|  31|0x0000000087d00000, 0x0000000087d00000, 0x0000000087e00000|  0%| F|  |TAMS 0x0000000087d00000| PB 0x0000000087d00000| Untracked 
|  32|0x0000000087e00000, 0x0000000087e00000, 0x0000000087f00000|  0%| F|  |TAMS 0x0000000087e00000| PB 0x0000000087e00000| Untracked 
|  33|0x0000000087f00000, 0x0000000087f00000, 0x0000000088000000|  0%| F|  |TAMS 0x0000000087f00000| PB 0x0000000087f00000| Untracked 
|  34|0x0000000088000000, 0x0000000088000000, 0x0000000088100000|  0%| F|  |TAMS 0x0000000088000000| PB 0x0000000088000000| Untracked 
|  35|0x0000000088100000, 0x0000000088100000, 0x0000000088200000|  0%| F|  |TAMS 0x0000000088100000| PB 0x0000000088100000| Untracked 
|  36|0x0000000088200000, 0x0000000088200000, 0x0000000088300000|  0%| F|  |TAMS 0x0000000088200000| PB 0x0000000088200000| Untracked 
|  37|0x0000000088300000, 0x0000000088300000, 0x0000000088400000|  0%| F|  |TAMS 0x0000000088300000| PB 0x0000000088300000| Untracked 
|  38|0x0000000088400000, 0x0000000088400000, 0x0000000088500000|  0%| F|  |TAMS 0x0000000088400000| PB 0x0000000088400000| Untracked 
|  39|0x0000000088500000, 0x0000000088500000, 0x0000000088600000|  0%| F|  |TAMS 0x0000000088500000| PB 0x0000000088500000| Untracked 
|  40|0x0000000088600000, 0x0000000088600000, 0x0000000088700000|  0%| F|  |TAMS 0x0000000088600000| PB 0x0000000088600000| Untracked 
|  41|0x0000000088700000, 0x0000000088700000, 0x0000000088800000|  0%| F|  |TAMS 0x0000000088700000| PB 0x0000000088700000| Untracked 
|  42|0x0000000088800000, 0x0000000088800000, 0x0000000088900000|  0%| F|  |TAMS 0x0000000088800000| PB 0x0000000088800000| Untracked 
|  43|0x0000000088900000, 0x0000000088900000, 0x0000000088a00000|  0%| F|  |TAMS 0x0000000088900000| PB 0x0000000088900000| Untracked 
|  44|0x0000000088a00000, 0x0000000088a00000, 0x0000000088b00000|  0%| F|  |TAMS 0x0000000088a00000| PB 0x0000000088a00000| Untracked 
|  45|0x0000000088b00000, 0x0000000088b00000, 0x0000000088c00000|  0%| F|  |TAMS 0x0000000088b00000| PB 0x0000000088b00000| Untracked 
|  46|0x0000000088c00000, 0x0000000088c00000, 0x0000000088d00000|  0%| F|  |TAMS 0x0000000088c00000| PB 0x0000000088c00000| Untracked 
|  47|0x0000000088d00000, 0x0000000088d00000, 0x0000000088e00000|  0%| F|  |TAMS 0x0000000088d00000| PB 0x0000000088d00000| Untracked 
|  48|0x0000000088e00000, 0x0000000088e00000, 0x0000000088f00000|  0%| F|  |TAMS 0x0000000088e00000| PB 0x0000000088e00000| Untracked 
|  49|0x0000000088f00000, 0x0000000088f00000, 0x0000000089000000|  0%| F|  |TAMS 0x0000000088f00000| PB 0x0000000088f00000| Untracked 
|  50|0x0000000089000000, 0x0000000089000000, 0x0000000089100000|  0%| F|  |TAMS 0x0000000089000000| PB 0x0000000089000000| Untracked 
|  51|0x0000000089100000, 0x0000000089100000, 0x0000000089200000|  0%| F|  |TAMS 0x0000000089100000| PB 0x0000000089100000| Untracked 
|  52|0x0000000089200000, 0x0000000089200000, 0x0000000089300000|  0%| F|  |TAMS 0x0000000089200000| PB 0x0000000089200000| Untracked 
|  53|0x0000000089300000, 0x0000000089300000, 0x0000000089400000|  0%| F|  |TAMS 0x0000000089300000| PB 0x0000000089300000| Untracked 
|  54|0x0000000089400000, 0x0000000089400000, 0x0000000089500000|  0%| F|  |TAMS 0x0000000089400000| PB 0x0000000089400000| Untracked 
|  55|0x0000000089500000, 0x0000000089500000, 0x0000000089600000|  0%| F|  |TAMS 0x0000000089500000| PB 0x0000000089500000| Untracked 
|  56|0x0000000089600000, 0x0000000089600000, 0x0000000089700000|  0%| F|  |TAMS 0x0000000089600000| PB 0x0000000089600000| Untracked 
|  57|0x0000000089700000, 0x0000000089700000, 0x0000000089800000|  0%| F|  |TAMS 0x0000000089700000| PB 0x0000000089700000| Untracked 
|  58|0x0000000089800000, 0x0000000089800000, 0x0000000089900000|  0%| F|  |TAMS 0x0000000089800000| PB 0x0000000089800000| Untracked 
|  59|0x0000000089900000, 0x0000000089900000, 0x0000000089a00000|  0%| F|  |TAMS 0x0000000089900000| PB 0x0000000089900000| Untracked 
|  60|0x0000000089a00000, 0x0000000089a00000, 0x0000000089b00000|  0%| F|  |TAMS 0x0000000089a00000| PB 0x0000000089a00000| Untracked 
|  61|0x0000000089b00000, 0x0000000089b00000, 0x0000000089c00000|  0%| F|  |TAMS 0x0000000089b00000| PB 0x0000000089b00000| Untracked 
|  62|0x0000000089c00000, 0x0000000089c00000, 0x0000000089d00000|  0%| F|  |TAMS 0x0000000089c00000| PB 0x0000000089c00000| Untracked 
|  63|0x0000000089d00000, 0x0000000089d00000, 0x0000000089e00000|  0%| F|  |TAMS 0x0000000089d00000| PB 0x0000000089d00000| Untracked 
|  64|0x0000000089e00000, 0x0000000089e00000, 0x0000000089f00000|  0%| F|  |TAMS 0x0000000089e00000| PB 0x0000000089e00000| Untracked 
|  65|0x0000000089f00000, 0x0000000089f00000, 0x000000008a000000|  0%| F|  |TAMS 0x0000000089f00000| PB 0x0000000089f00000| Untracked 
|  66|0x000000008a000000, 0x000000008a000000, 0x000000008a100000|  0%| F|  |TAMS 0x000000008a000000| PB 0x000000008a000000| Untracked 
|  67|0x000000008a100000, 0x000000008a100000, 0x000000008a200000|  0%| F|  |TAMS 0x000000008a100000| PB 0x000000008a100000| Untracked 
|  68|0x000000008a200000, 0x000000008a27ea38, 0x000000008a300000| 49%| E|  |TAMS 0x000000008a200000| PB 0x000000008a200000| Complete 
|  69|0x000000008a300000, 0x000000008a400000, 0x000000008a400000|100%| E|CS|TAMS 0x000000008a300000| PB 0x000000008a300000| Complete 
|  70|0x000000008a400000, 0x000000008a500000, 0x000000008a500000|100%| E|CS|TAMS 0x000000008a400000| PB 0x000000008a400000| Complete 
|  71|0x000000008a500000, 0x000000008a600000, 0x000000008a600000|100%| E|CS|TAMS 0x000000008a500000| PB 0x000000008a500000| Complete 
|  72|0x000000008a600000, 0x000000008a700000, 0x000000008a700000|100%| E|CS|TAMS 0x000000008a600000| PB 0x000000008a600000| Complete 
|  73|0x000000008a700000, 0x000000008a800000, 0x000000008a800000|100%| E|CS|TAMS 0x000000008a700000| PB 0x000000008a700000| Complete 
|  74|0x000000008a800000, 0x000000008a900000, 0x000000008a900000|100%| E|  |TAMS 0x000000008a800000| PB 0x000000008a800000| Complete 
|  75|0x000000008a900000, 0x000000008aa00000, 0x000000008aa00000|100%| E|CS|TAMS 0x000000008a900000| PB 0x000000008a900000| Complete 
|  76|0x000000008aa00000, 0x000000008ab00000, 0x000000008ab00000|100%| E|CS|TAMS 0x000000008aa00000| PB 0x000000008aa00000| Complete 
|  77|0x000000008ab00000, 0x000000008ac00000, 0x000000008ac00000|100%| E|CS|TAMS 0x000000008ab00000| PB 0x000000008ab00000| Complete 
|  78|0x000000008ac00000, 0x000000008ad00000, 0x000000008ad00000|100%| E|CS|TAMS 0x000000008ac00000| PB 0x000000008ac00000| Complete 
|  79|0x000000008ad00000, 0x000000008ae00000, 0x000000008ae00000|100%| E|CS|TAMS 0x000000008ad00000| PB 0x000000008ad00000| Complete 
|  80|0x000000008ae00000, 0x000000008af00000, 0x000000008af00000|100%| E|CS|TAMS 0x000000008ae00000| PB 0x000000008ae00000| Complete 
|  81|0x000000008af00000, 0x000000008b000000, 0x000000008b000000|100%| E|CS|TAMS 0x000000008af00000| PB 0x000000008af00000| Complete 
|  82|0x000000008b000000, 0x000000008b100000, 0x000000008b100000|100%| E|CS|TAMS 0x000000008b000000| PB 0x000000008b000000| Complete 
|  83|0x000000008b100000, 0x000000008b200000, 0x000000008b200000|100%| E|CS|TAMS 0x000000008b100000| PB 0x000000008b100000| Complete 
|  84|0x000000008b200000, 0x000000008b300000, 0x000000008b300000|100%| E|CS|TAMS 0x000000008b200000| PB 0x000000008b200000| Complete 
|  85|0x000000008b300000, 0x000000008b400000, 0x000000008b400000|100%| E|CS|TAMS 0x000000008b300000| PB 0x000000008b300000| Complete 
|  86|0x000000008b400000, 0x000000008b500000, 0x000000008b500000|100%| E|CS|TAMS 0x000000008b400000| PB 0x000000008b400000| Complete 
|  87|0x000000008b500000, 0x000000008b600000, 0x000000008b600000|100%| E|CS|TAMS 0x000000008b500000| PB 0x000000008b500000| Complete 
|  88|0x000000008b600000, 0x000000008b700000, 0x000000008b700000|100%| E|CS|TAMS 0x000000008b600000| PB 0x000000008b600000| Complete 
|  89|0x000000008b700000, 0x000000008b800000, 0x000000008b800000|100%| E|CS|TAMS 0x000000008b700000| PB 0x000000008b700000| Complete 
|  90|0x000000008b800000, 0x000000008b900000, 0x000000008b900000|100%| E|CS|TAMS 0x000000008b800000| PB 0x000000008b800000| Complete 
|  91|0x000000008b900000, 0x000000008ba00000, 0x000000008ba00000|100%| E|CS|TAMS 0x000000008b900000| PB 0x000000008b900000| Complete 
|  92|0x000000008ba00000, 0x000000008bb00000, 0x000000008bb00000|100%| E|CS|TAMS 0x000000008ba00000| PB 0x000000008ba00000| Complete 
|  93|0x000000008bb00000, 0x000000008bbd4018, 0x000000008bc00000| 82%| S|CS|TAMS 0x000000008bb00000| PB 0x000000008bb00000| Complete 
|  94|0x000000008bc00000, 0x000000008bd00000, 0x000000008bd00000|100%| S|CS|TAMS 0x000000008bc00000| PB 0x000000008bc00000| Complete 
|  95|0x000000008bd00000, 0x000000008be00000, 0x000000008be00000|100%| E|CS|TAMS 0x000000008bd00000| PB 0x000000008bd00000| Complete 
|  96|0x000000008be00000, 0x000000008bf00000, 0x000000008bf00000|100%| E|CS|TAMS 0x000000008be00000| PB 0x000000008be00000| Complete 
|  97|0x000000008bf00000, 0x000000008c000000, 0x000000008c000000|100%| E|CS|TAMS 0x000000008bf00000| PB 0x000000008bf00000| Complete 
|  98|0x000000008c000000, 0x000000008c100000, 0x000000008c100000|100%| E|CS|TAMS 0x000000008c000000| PB 0x000000008c000000| Complete 
|  99|0x000000008c100000, 0x000000008c200000, 0x000000008c200000|100%| E|CS|TAMS 0x000000008c100000| PB 0x000000008c100000| Complete 
| 100|0x000000008c200000, 0x000000008c300000, 0x000000008c300000|100%| E|CS|TAMS 0x000000008c200000| PB 0x000000008c200000| Complete 
| 101|0x000000008c300000, 0x000000008c400000, 0x000000008c400000|100%| E|CS|TAMS 0x000000008c300000| PB 0x000000008c300000| Complete 
| 102|0x000000008c400000, 0x000000008c500000, 0x000000008c500000|100%| E|CS|TAMS 0x000000008c400000| PB 0x000000008c400000| Complete 
| 103|0x000000008c500000, 0x000000008c600000, 0x000000008c600000|100%| E|CS|TAMS 0x000000008c500000| PB 0x000000008c500000| Complete 
| 104|0x000000008c600000, 0x000000008c700000, 0x000000008c700000|100%| E|CS|TAMS 0x000000008c600000| PB 0x000000008c600000| Complete 
| 105|0x000000008c700000, 0x000000008c800000, 0x000000008c800000|100%| E|CS|TAMS 0x000000008c700000| PB 0x000000008c700000| Complete 
| 106|0x000000008c800000, 0x000000008c900000, 0x000000008c900000|100%| E|CS|TAMS 0x000000008c800000| PB 0x000000008c800000| Complete 
| 107|0x000000008c900000, 0x000000008ca00000, 0x000000008ca00000|100%| E|CS|TAMS 0x000000008c900000| PB 0x000000008c900000| Complete 
| 108|0x000000008ca00000, 0x000000008cb00000, 0x000000008cb00000|100%| E|CS|TAMS 0x000000008ca00000| PB 0x000000008ca00000| Complete 
| 109|0x000000008cb00000, 0x000000008cc00000, 0x000000008cc00000|100%| E|CS|TAMS 0x000000008cb00000| PB 0x000000008cb00000| Complete 
| 110|0x000000008cc00000, 0x000000008cd00000, 0x000000008cd00000|100%| E|CS|TAMS 0x000000008cc00000| PB 0x000000008cc00000| Complete 
| 111|0x000000008cd00000, 0x000000008ce00000, 0x000000008ce00000|100%| E|CS|TAMS 0x000000008cd00000| PB 0x000000008cd00000| Complete 
| 112|0x000000008ce00000, 0x000000008cf00000, 0x000000008cf00000|100%| E|CS|TAMS 0x000000008ce00000| PB 0x000000008ce00000| Complete 
| 113|0x000000008cf00000, 0x000000008d000000, 0x000000008d000000|100%| E|CS|TAMS 0x000000008cf00000| PB 0x000000008cf00000| Complete 
| 114|0x000000008d000000, 0x000000008d100000, 0x000000008d100000|100%| E|CS|TAMS 0x000000008d000000| PB 0x000000008d000000| Complete 
| 115|0x000000008d100000, 0x000000008d200000, 0x000000008d200000|100%| E|CS|TAMS 0x000000008d100000| PB 0x000000008d100000| Complete 
| 116|0x000000008d200000, 0x000000008d300000, 0x000000008d300000|100%| E|CS|TAMS 0x000000008d200000| PB 0x000000008d200000| Complete 
| 117|0x000000008d300000, 0x000000008d400000, 0x000000008d400000|100%| E|CS|TAMS 0x000000008d300000| PB 0x000000008d300000| Complete 
| 118|0x000000008d400000, 0x000000008d500000, 0x000000008d500000|100%| E|CS|TAMS 0x000000008d400000| PB 0x000000008d400000| Complete 
| 119|0x000000008d500000, 0x000000008d600000, 0x000000008d600000|100%| E|CS|TAMS 0x000000008d500000| PB 0x000000008d500000| Complete 
| 120|0x000000008d600000, 0x000000008d700000, 0x000000008d700000|100%| E|CS|TAMS 0x000000008d600000| PB 0x000000008d600000| Complete 
| 121|0x000000008d700000, 0x000000008d800000, 0x000000008d800000|100%| E|CS|TAMS 0x000000008d700000| PB 0x000000008d700000| Complete 
| 122|0x000000008d800000, 0x000000008d900000, 0x000000008d900000|100%| E|CS|TAMS 0x000000008d800000| PB 0x000000008d800000| Complete 
| 123|0x000000008d900000, 0x000000008da00000, 0x000000008da00000|100%| E|CS|TAMS 0x000000008d900000| PB 0x000000008d900000| Complete 
|1952|0x00000000ffe00000, 0x00000000fff00000, 0x00000000fff00000|100%| O|  |TAMS 0x00000000ffe00000| PB 0x00000000ffe00000| Untracked 
|1953|0x00000000fff00000, 0x00000000fff07b88, 0x0000000100000000|  3%| O|  |TAMS 0x00000000fff00000| PB 0x00000000fff00000| Untracked 

Card table byte_map: [0x00007c8974e80000,0x00007c8975251000] _byte_map_base: 0x00007c8974a51000

Marking Bits: (CMBitMap*) 0x00007c8970088400
 Bits: [0x00007c8956b78000, 0x00007c8958a00000)

Polling page: 0x00007c8977fc4000

Metaspace:

Usage:
  Non-class:     16.99 MB used.
      Class:      2.27 MB used.
       Both:     19.26 MB used.

Virtual space:
  Non-class space:       64.00 MB reserved,      17.12 MB ( 27%) committed,  1 nodes.
      Class space:        1.00 GB reserved,       2.44 MB ( <1%) committed,  1 nodes.
             Both:        1.06 GB reserved,      19.56 MB (  2%) committed. 

Chunk freelists:
   Non-Class:  14.38 MB
       Class:  13.60 MB
        Both:  27.97 MB

MaxMetaspaceSize: unlimited
CompressedClassSpaceSize: 1.00 GB
Initial GC threshold: 21.00 MB
Current GC threshold: 21.00 MB
CDS: on
 - commit_granule_bytes: 65536.
 - commit_granule_words: 8192.
 - virtual_space_node_default_size: 8388608.
 - enlarge_chunks_in_place: 1.
 - use_allocation_guard: 0.


Internal statistics:

num_allocs_failed_limit: 0.
num_arena_births: 328.
num_arena_deaths: 0.
num_vsnodes_births: 2.
num_vsnodes_deaths: 0.
num_space_committed: 313.
num_space_uncommitted: 0.
num_chunks_returned_to_freelist: 0.
num_chunks_taken_from_freelist: 995.
num_chunk_merges: 0.
num_chunk_splits: 664.
num_chunks_enlarged: 474.
num_inconsistent_stats: 0.

CodeHeap 'non-profiled nmethods': size=120028Kb used=1199Kb max_used=1199Kb free=118828Kb
 bounds [0x00007c89604c9000, 0x00007c8960739000, 0x00007c8967a00000]
CodeHeap 'profiled nmethods': size=120028Kb used=5588Kb max_used=5588Kb free=114439Kb
 bounds [0x00007c8958a00000, 0x00007c8958f80000, 0x00007c895ff37000]
CodeHeap 'non-nmethods': size=5704Kb used=1465Kb max_used=1520Kb free=4238Kb
 bounds [0x00007c895ff37000, 0x00007c89601a7000, 0x00007c89604c9000]
 total_blobs=3295 nmethods=2776 adapters=423
 compilation: enabled
              stopped_count=0, restarted_count=0
 full_count=0

Compilation events (20 events):
Event: 2.168 Thread 0x00007c89701670d0 nmethod 2754 0x00007c8958f4c710 code [0x00007c8958f4c8c0, 0x00007c8958f4cab0]
Event: 2.168 Thread 0x00007c89701670d0 2755       3       java.lang.Math::floorMod (28 bytes)
Event: 2.168 Thread 0x00007c89701670d0 nmethod 2755 0x00007c8958f4cb90 code [0x00007c8958f4cd40, 0x00007c8958f4cf18]
Event: 2.168 Thread 0x00007c89701670d0 2756       3       java.time.Instant::create (49 bytes)
Event: 2.168 Thread 0x00007c89701670d0 nmethod 2756 0x00007c8958f4d010 code [0x00007c8958f4d1e0, 0x00007c8958f4d5f0]
Event: 2.168 Thread 0x00007c89701670d0 2757       3       org.springframework.core.type.classreading.MergedAnnotationReadingVisitor$ArrayVisitor::visit (29 bytes)
Event: 2.168 Thread 0x00007c89701670d0 nmethod 2757 0x00007c8958f4d790 code [0x00007c8958f4d960, 0x00007c8958f4ddb8]
Event: 2.169 Thread 0x00007c89701670d0 2758       1       java.util.zip.ZipFile$ZipFileInputStream::size (5 bytes)
Event: 2.169 Thread 0x00007c89701670d0 nmethod 2758 0x00007c89605f4490 code [0x00007c89605f4620, 0x00007c89605f46e0]
Event: 2.170 Thread 0x00007c89701670d0 2759       3       org.springframework.boot.autoconfigure.condition.ConditionMessage::andCondition (46 bytes)
Event: 2.174 Thread 0x00007c89701670d0 nmethod 2759 0x00007c8958f4df10 code [0x00007c8958f4e360, 0x00007c8958f50728]
Event: 2.174 Thread 0x00007c89701670d0 2761       3       java.util.stream.Collectors::toCollection (22 bytes)
Event: 2.175 Thread 0x00007c89701670d0 nmethod 2761 0x00007c8958f51510 code [0x00007c8958f51700, 0x00007c8958f51ba8]
Event: 2.175 Thread 0x00007c89701670d0 2763       3       org.springframework.core.convert.converter.GenericConverter$ConvertiblePair::<init> (27 bytes)
Event: 2.175 Thread 0x00007c89701670d0 nmethod 2763 0x00007c8958f51d10 code [0x00007c8958f51f00, 0x00007c8958f523f8]
Event: 2.175 Thread 0x00007c89701670d0 2762       3       java.lang.Math::addExact (32 bytes)
Event: 2.175 Thread 0x00007c89701670d0 nmethod 2762 0x00007c8958f52610 code [0x00007c8958f527c0, 0x00007c8958f529e8]
Event: 2.175 Thread 0x00007c89701670d0 2765       3       org.springframework.core.annotation.TypeMappedAnnotation::adapt (355 bytes)
Event: 2.178 Thread 0x00007c89701670d0 nmethod 2765 0x00007c8958f52b10 code [0x00007c8958f52f60, 0x00007c8958f55670]
Event: 2.178 Thread 0x00007c89701670d0 2766       3       org.springframework.core.annotation.TypeMappedAnnotation::adaptForAttribute (253 bytes)

GC Heap History (4 events):
Event: 0.776 GC heap before
{Heap before GC invocations=0 (full 0):
 garbage-first heap   total 129024K, used 24606K [0x0000000085e00000, 0x0000000100000000)
  region size 1024K, 23 young (23552K), 0 survivors (0K)
 Metaspace       used 4592K, committed 4864K, reserved 1114112K
  class space    used 499K, committed 640K, reserved 1048576K
}
Event: 0.783 GC heap after
{Heap after GC invocations=1 (full 0):
 garbage-first heap   total 129024K, used 9872K [0x0000000085e00000, 0x0000000100000000)
  region size 1024K, 3 young (3072K), 3 survivors (3072K)
 Metaspace       used 4592K, committed 4864K, reserved 1114112K
  class space    used 499K, committed 640K, reserved 1048576K
}
Event: 1.347 GC heap before
{Heap before GC invocations=1 (full 0):
 garbage-first heap   total 129024K, used 35472K [0x0000000085e00000, 0x0000000100000000)
  region size 1024K, 29 young (29696K), 3 survivors (3072K)
 Metaspace       used 10526K, committed 10880K, reserved 1114112K
  class space    used 1246K, committed 1408K, reserved 1048576K
}
Event: 1.353 GC heap after
{Heap after GC invocations=2 (full 0):
 garbage-first heap   total 129024K, used 12005K [0x0000000085e00000, 0x0000000100000000)
  region size 1024K, 2 young (2048K), 2 survivors (2048K)
 Metaspace       used 10526K, committed 10880K, reserved 1114112K
  class space    used 1246K, committed 1408K, reserved 1048576K
}

Dll operation events (9 events):
Event: 0.003 Loaded shared library /usr/lib/jvm/jdk-21-oracle-x64/lib/libjava.so
Event: 0.003 Loaded shared library /usr/lib/jvm/jdk-21-oracle-x64/lib/libzip.so
Event: 0.044 Loaded shared library /usr/lib/jvm/jdk-21-oracle-x64/lib/libjsvml.so
Event: 0.157 Loaded shared library /usr/lib/jvm/jdk-21-oracle-x64/lib/libinstrument.so
Event: 0.197 Loaded shared library /usr/lib/jvm/jdk-21-oracle-x64/lib/libnio.so
Event: 0.212 Loaded shared library /usr/lib/jvm/jdk-21-oracle-x64/lib/libzip.so
Event: 0.289 Loaded shared library /usr/lib/jvm/jdk-21-oracle-x64/lib/libjimage.so
Event: 0.318 Loaded shared library /usr/lib/jvm/jdk-21-oracle-x64/lib/libverify.so
Event: 0.461 Loaded shared library /usr/lib/jvm/jdk-21-oracle-x64/lib/libnet.so

Deoptimization events (20 events):
Event: 2.166 Thread 0x00007c897002f010 DEOPT PACKING pc=0x00007c8958ba20d9 sp=0x00007c8977bfcc50
Event: 2.166 Thread 0x00007c897002f010 DEOPT UNPACKING pc=0x00007c895ff8b72f sp=0x00007c8977bfc0c8 mode 1
Event: 2.166 Thread 0x00007c897002f010 DEOPT PACKING pc=0x00007c8958b3f9e4 sp=0x00007c8977bfcce0
Event: 2.166 Thread 0x00007c897002f010 DEOPT UNPACKING pc=0x00007c895ff8b72f sp=0x00007c8977bfc1a8 mode 1
Event: 2.166 Thread 0x00007c897002f010 DEOPT PACKING pc=0x00007c8958bf2974 sp=0x00007c8977bfd590
Event: 2.166 Thread 0x00007c897002f010 DEOPT UNPACKING pc=0x00007c895ff8b72f sp=0x00007c8977bfca78 mode 1
Event: 2.166 Thread 0x00007c897002f010 DEOPT PACKING pc=0x00007c8958bf2474 sp=0x00007c8977bfd620
Event: 2.166 Thread 0x00007c897002f010 DEOPT UNPACKING pc=0x00007c895ff8b72f sp=0x00007c8977bfcb00 mode 1
Event: 2.166 Thread 0x00007c897002f010 DEOPT PACKING pc=0x00007c8958ec6354 sp=0x00007c8977bfd6a0
Event: 2.166 Thread 0x00007c897002f010 DEOPT UNPACKING pc=0x00007c895ff8b72f sp=0x00007c8977bfcb48 mode 1
Event: 2.170 Thread 0x00007c897002f010 DEOPT PACKING pc=0x00007c8958ba20d9 sp=0x00007c8977bfcad0
Event: 2.170 Thread 0x00007c897002f010 DEOPT UNPACKING pc=0x00007c895ff8b72f sp=0x00007c8977bfbf48 mode 1
Event: 2.170 Thread 0x00007c897002f010 DEOPT PACKING pc=0x00007c8958b3f9e4 sp=0x00007c8977bfcb60
Event: 2.170 Thread 0x00007c897002f010 DEOPT UNPACKING pc=0x00007c895ff8b72f sp=0x00007c8977bfc028 mode 1
Event: 2.170 Thread 0x00007c897002f010 DEOPT PACKING pc=0x00007c8958bf2974 sp=0x00007c8977bfd410
Event: 2.170 Thread 0x00007c897002f010 DEOPT UNPACKING pc=0x00007c895ff8b72f sp=0x00007c8977bfc8f8 mode 1
Event: 2.170 Thread 0x00007c897002f010 DEOPT PACKING pc=0x00007c8958bf2474 sp=0x00007c8977bfd4a0
Event: 2.170 Thread 0x00007c897002f010 DEOPT UNPACKING pc=0x00007c895ff8b72f sp=0x00007c8977bfc980 mode 1
Event: 2.170 Thread 0x00007c897002f010 DEOPT PACKING pc=0x00007c8958f4b23c sp=0x00007c8977bfd520
Event: 2.170 Thread 0x00007c897002f010 DEOPT UNPACKING pc=0x00007c895ff8b72f sp=0x00007c8977bfc968 mode 1

Classes loaded (20 events):
Event: 2.164 Loading class org/apache/tomcat/jdbc/pool/DataSource
Event: 2.164 Loading class org/apache/tomcat/jdbc/pool/DataSource done
Event: 2.165 Loading class org/apache/commons/dbcp2/BasicDataSource
Event: 2.165 Loading class org/apache/commons/dbcp2/BasicDataSource done
Event: 2.166 Loading class oracle/ucp/jdbc/PoolDataSourceImpl
Event: 2.166 Loading class oracle/ucp/jdbc/PoolDataSourceImpl done
Event: 2.166 Loading class oracle/jdbc/OracleConnection
Event: 2.166 Loading class oracle/jdbc/OracleConnection done
Event: 2.169 Loading class org/apache/tomcat/jdbc/pool/DataSourceProxy
Event: 2.169 Loading class org/apache/tomcat/jdbc/pool/DataSourceProxy done
Event: 2.171 Loading class org/springframework/boot/autoconfigure/jdbc/DataSourceAutoConfiguration$EmbeddedDatabaseCondition
Event: 2.171 Loading class org/springframework/boot/autoconfigure/jdbc/DataSourceAutoConfiguration$EmbeddedDatabaseCondition done
Event: 2.172 Loading class org/springframework/boot/origin/PropertySourceOrigin
Event: 2.172 Loading class org/springframework/boot/origin/PropertySourceOrigin done
Event: 2.173 Loading class org/springframework/boot/context/properties/source/ConfigurationProperty
Event: 2.173 Loading class org/springframework/boot/context/properties/source/ConfigurationProperty done
Event: 2.174 Loading class java/nio/charset/CharacterCodingException
Event: 2.174 Loading class java/nio/charset/CharacterCodingException done
Event: 2.176 Loading class org/springframework/boot/autoconfigure/condition/ConditionalOnCheckpointRestore
Event: 2.176 Loading class org/springframework/boot/autoconfigure/condition/ConditionalOnCheckpointRestore done

Classes unloaded (0 events):
No events

Classes redefined (0 events):
No events

Internal exceptions (20 events):
Event: 1.188 Thread 0x00007c897002f010 Exception <a 'java/lang/NoSuchMethodError'{0x000000008cb0fcd0}: 'java.lang.Object java.lang.invoke.DirectMethodHandle$Holder.invokeStaticInit(java.lang.Object, long, java.lang.Object)'> (0x000000008cb0fcd0) 
thrown [open/src/hotspot/share/interpreter/linkResolver.cpp, line 772]
Event: 1.189 Thread 0x00007c897002f010 Exception <a 'java/lang/NoSuchMethodError'{0x000000008cb153e8}: 'java.lang.Object java.lang.invoke.DirectMethodHandle$Holder.newInvokeSpecial(java.lang.Object, long)'> (0x000000008cb153e8) 
thrown [open/src/hotspot/share/interpreter/linkResolver.cpp, line 772]
Event: 1.206 Thread 0x00007c897002f010 Exception <a 'java/lang/NoSuchMethodError'{0x000000008cb915e0}: 'void java.lang.invoke.DirectMethodHandle$Holder.invokeSpecial(java.lang.Object, java.lang.Object, java.lang.Object, java.lang.Object, java.lang.Object)'> (0x000000008cb915e0) 
thrown [open/src/hotspot/share/interpreter/linkResolver.cpp, line 772]
Event: 1.207 Thread 0x00007c897002f010 Exception <a 'java/lang/NoSuchMethodError'{0x000000008cb98e48}: 'void java.lang.invoke.DirectMethodHandle$Holder.invokeVirtual(java.lang.Object, java.lang.Object, java.lang.Object, java.lang.Object)'> (0x000000008cb98e48) 
thrown [open/src/hotspot/share/interpreter/linkResolver.cpp, line 772]
Event: 1.252 Thread 0x00007c897002f010 Exception <a 'java/lang/NoSuchMethodError'{0x000000008c92d220}: 'void java.lang.invoke.DirectMethodHandle$Holder.invokeSpecial(java.lang.Object, java.lang.Object, java.lang.Object)'> (0x000000008c92d220) 
thrown [open/src/hotspot/share/interpreter/linkResolver.cpp, line 772]
Event: 1.262 Thread 0x00007c897002f010 Exception <a 'java/lang/IncompatibleClassChangeError'{0x000000008c95ca48}: Found class java.lang.Object, but interface was expected> (0x000000008c95ca48) 
thrown [open/src/hotspot/share/interpreter/linkResolver.cpp, line 840]
Event: 1.269 Thread 0x00007c897002f010 Exception <a 'java/lang/NoSuchMethodError'{0x000000008c9cf5f0}: 'java.lang.Object java.lang.invoke.DirectMethodHandle$Holder.invokeStaticInit(java.lang.Object, int)'> (0x000000008c9cf5f0) 
thrown [open/src/hotspot/share/interpreter/linkResolver.cpp, line 772]
Event: 1.271 Thread 0x00007c897002f010 Exception <a 'java/lang/NoSuchMethodError'{0x000000008c9db7b0}: 'java.lang.Object java.lang.invoke.DirectMethodHandle$Holder.invokeStatic(java.lang.Object, int, java.lang.Object)'> (0x000000008c9db7b0) 
thrown [open/src/hotspot/share/interpreter/linkResolver.cpp, line 772]
Event: 1.272 Thread 0x00007c897002f010 Exception <a 'java/lang/NoSuchMethodError'{0x000000008c9dee00}: 'java.lang.Object java.lang.invoke.DirectMethodHandle$Holder.invokeStaticInit(java.lang.Object, int, java.lang.Object)'> (0x000000008c9dee00) 
thrown [open/src/hotspot/share/interpreter/linkResolver.cpp, line 772]
Event: 1.634 Thread 0x00007c897002f010 Exception <a 'java/lang/NoSuchMethodError'{0x000000008c4b09b8}: 'java.lang.Object java.lang.invoke.DirectMethodHandle$Holder.invokeVirtual(java.lang.Object, java.lang.Object, java.lang.Object)'> (0x000000008c4b09b8) 
thrown [open/src/hotspot/share/interpreter/linkResolver.cpp, line 772]
Event: 1.639 Thread 0x00007c897002f010 Exception <a 'java/lang/NoSuchMethodError'{0x000000008c4ca230}: 'int java.lang.invoke.DirectMethodHandle$Holder.invokeSpecial(java.lang.Object, java.lang.Object, java.lang.Object, java.lang.Object, java.lang.Object)'> (0x000000008c4ca230) 
thrown [open/src/hotspot/share/interpreter/linkResolver.cpp, line 772]
Event: 1.641 Thread 0x00007c8970b9a2e0 Exception <a 'java/lang/NoSuchMethodError'{0x000000008c3515c8}: 'long java.lang.invoke.DirectMethodHandle$Holder.invokeSpecial(java.lang.Object, java.lang.Object)'> (0x000000008c3515c8) 
thrown [open/src/hotspot/share/interpreter/linkResolver.cpp, line 772]
Event: 1.643 Thread 0x00007c8970b9a2e0 Exception <a 'java/lang/NoSuchMethodError'{0x000000008c35ce88}: 'long java.lang.invoke.DirectMethodHandle$Holder.invokeStatic(java.lang.Object, java.lang.Object)'> (0x000000008c35ce88) 
thrown [open/src/hotspot/share/interpreter/linkResolver.cpp, line 772]
Event: 1.643 Thread 0x00007c897002f010 Exception <a 'java/lang/NoSuchMethodError'{0x000000008c4e0d08}: 'void java.lang.invoke.DirectMethodHandle$Holder.invokeVirtual(java.lang.Object, java.lang.Object)'> (0x000000008c4e0d08) 
thrown [open/src/hotspot/share/interpreter/linkResolver.cpp, line 772]
Event: 1.643 Thread 0x00007c8970b9a2e0 Exception <a 'java/lang/NoSuchMethodError'{0x000000008c3601f0}: 'long java.lang.invoke.DirectMethodHandle$Holder.invokeStaticInit(java.lang.Object, java.lang.Object)'> (0x000000008c3601f0) 
thrown [open/src/hotspot/share/interpreter/linkResolver.cpp, line 772]
Event: 1.645 Thread 0x00007c8970b9a2e0 Exception <a 'java/lang/NoSuchMethodError'{0x000000008c36c338}: 'long java.lang.invoke.DirectMethodHandle$Holder.invokeInterface(java.lang.Object, java.lang.Object)'> (0x000000008c36c338) 
thrown [open/src/hotspot/share/interpreter/linkResolver.cpp, line 772]
Event: 1.646 Thread 0x00007c8970b9a2e0 Exception <a 'java/lang/IncompatibleClassChangeError'{0x000000008c36f5e8}: Found class java.lang.Object, but interface was expected> (0x000000008c36f5e8) 
thrown [open/src/hotspot/share/interpreter/linkResolver.cpp, line 840]
Event: 1.656 Thread 0x00007c8970b9a2e0 Exception <a 'java/lang/NoSuchMethodError'{0x000000008c24fe18}: 'java.lang.Object java.lang.invoke.DirectMethodHandle$Holder.invokeVirtual(java.lang.Object, java.lang.Object, java.lang.Object, java.lang.Object)'> (0x000000008c24fe18) 
thrown [open/src/hotspot/share/interpreter/linkResolver.cpp, line 772]
Event: 1.907 Thread 0x00007c897002f010 Exception <a 'java/lang/NoClassDefFoundError'{0x000000008b0240c8}: org/glassfish/jersey/server/monitoring/ApplicationEventListener> (0x000000008b0240c8) 
thrown [open/src/hotspot/share/classfile/systemDictionary.cpp, line 301]
Event: 1.935 Thread 0x00007c897002f010 Exception <a 'java/lang/IncompatibleClassChangeError'{0x000000008ade6cb0}: Found class java.lang.Object, but interface was expected> (0x000000008ade6cb0) 
thrown [open/src/hotspot/share/interpreter/linkResolver.cpp, line 840]

ZGC Phase Switch (0 events):
No events

VM Operations (20 events):
Event: 1.247 Executing VM operation: HandshakeAllThreads (Deoptimize)
Event: 1.247 Executing VM operation: HandshakeAllThreads (Deoptimize) done
Event: 1.275 Executing VM operation: HandshakeAllThreads (Deoptimize)
Event: 1.275 Executing VM operation: HandshakeAllThreads (Deoptimize) done
Event: 1.347 Executing VM operation: G1CollectForAllocation (G1 Evacuation Pause)
Event: 1.353 Executing VM operation: G1CollectForAllocation (G1 Evacuation Pause) done
Event: 1.452 Executing VM operation: HandshakeAllThreads (Deoptimize)
Event: 1.452 Executing VM operation: HandshakeAllThreads (Deoptimize) done
Event: 1.547 Executing VM operation: HandshakeAllThreads (Deoptimize)
Event: 1.547 Executing VM operation: HandshakeAllThreads (Deoptimize) done
Event: 1.615 Executing VM operation: HandshakeAllThreads (Deoptimize)
Event: 1.615 Executing VM operation: HandshakeAllThreads (Deoptimize) done
Event: 1.700 Executing VM operation: HandshakeAllThreads (Deoptimize)
Event: 1.700 Executing VM operation: HandshakeAllThreads (Deoptimize) done
Event: 1.735 Executing VM operation: HandshakeAllThreads (Deoptimize)
Event: 1.735 Executing VM operation: HandshakeAllThreads (Deoptimize) done
Event: 1.766 Executing VM operation: ICBufferFull
Event: 1.766 Executing VM operation: ICBufferFull done
Event: 2.121 Executing VM operation: ICBufferFull
Event: 2.121 Executing VM operation: ICBufferFull done

Events (20 events):
Event: 0.042 Thread 0x00007c89701670d0 Thread added: 0x00007c89701670d0
Event: 0.042 Protecting memory [0x00007c8954377000,0x00007c895437b000] with protection modes 0
Event: 0.086 Thread 0x00007c8970188c70 Thread added: 0x00007c8970188c70
Event: 0.086 Protecting memory [0x00007c89541a7000,0x00007c89541ab000] with protection modes 0
Event: 0.125 Thread 0x00007c89701d0e80 Thread added: 0x00007c89701d0e80
Event: 0.125 Protecting memory [0x00007c89540a7000,0x00007c89540ab000] with protection modes 0
Event: 0.125 Thread 0x00007c89701e4be0 Thread added: 0x00007c89701e4be0
Event: 0.125 Protecting memory [0x00007c88fef00000,0x00007c88fef04000] with protection modes 0
Event: 0.126 Thread 0x00007c88d0001120 Thread added: 0x00007c88d0001120
Event: 0.126 Protecting memory [0x00007c88fee00000,0x00007c88fee04000] with protection modes 0
Event: 0.184 Thread 0x00007c89701fc3f0 Thread added: 0x00007c89701fc3f0
Event: 0.184 Protecting memory [0x00007c88fed00000,0x00007c88fed04000] with protection modes 0
Event: 0.241 Thread 0x00007c88d806ea50 Thread added: 0x00007c88d806ea50
Event: 0.241 Protecting memory [0x00007c88fec00000,0x00007c88fec04000] with protection modes 0
Event: 1.257 Thread 0x00007c8970b9a2e0 Thread added: 0x00007c8970b9a2e0
Event: 1.257 Protecting memory [0x00007c88fe3f9000,0x00007c88fe3fd000] with protection modes 0
Event: 1.760 Thread 0x00007c8970b9a2e0 Thread exited: 0x00007c8970b9a2e0
Event: 1.881 Thread 0x00007c8970e47530 Thread added: 0x00007c8970e47530
Event: 1.881 Protecting memory [0x00007c88fe3f9000,0x00007c88fe3fd000] with protection modes 0
Event: 1.925 Thread 0x00007c8970e47530 Thread exited: 0x00007c8970e47530


Dynamic libraries:
85e00000-8da00000 rw-p 00000000 00:00 0 
8da00000-ffe00000 ---p 00000000 00:00 0 
ffe00000-fff08000 rw-p 00cea000 103:07 2257166                           /usr/lib/jvm/jdk-21-oracle-x64/lib/server/classes.jsa
fff08000-100000000 rw-p 00000000 00:00 0 
5e9c8ea11000-5e9c8ea12000 r-xp 00000000 103:07 2231213                   /usr/lib/jvm/jdk-21-oracle-x64/bin/java
5e9c8ea13000-5e9c8ea14000 r--p 00001000 103:07 2231213                   /usr/lib/jvm/jdk-21-oracle-x64/bin/java
5e9c8ea14000-5e9c8ea15000 rw-p 00002000 103:07 2231213                   /usr/lib/jvm/jdk-21-oracle-x64/bin/java
5e9c8ee1a000-5e9c8ee63000 rw-p 00000000 00:00 0                          [heap]
7c889c000000-7c889c021000 rw-p 00000000 00:00 0 
7c889c021000-7c88a0000000 ---p 00000000 00:00 0 
7c88a0000000-7c88a03a1000 rw-p 00000000 00:00 0 
7c88a03a1000-7c88a4000000 ---p 00000000 00:00 0 
7c88a4000000-7c88a4021000 rw-p 00000000 00:00 0 
7c88a4021000-7c88a8000000 ---p 00000000 00:00 0 
7c88a8000000-7c88a8021000 rw-p 00000000 00:00 0 
7c88a8021000-7c88ac000000 ---p 00000000 00:00 0 
7c88ac000000-7c88ac021000 rw-p 00000000 00:00 0 
7c88ac021000-7c88b0000000 ---p 00000000 00:00 0 
7c88b0000000-7c88b0021000 rw-p 00000000 00:00 0 
7c88b0021000-7c88b4000000 ---p 00000000 00:00 0 
7c88b4000000-7c88b4021000 rw-p 00000000 00:00 0 
7c88b4021000-7c88b8000000 ---p 00000000 00:00 0 
7c88b8000000-7c88b8021000 rw-p 00000000 00:00 0 
7c88b8021000-7c88bc000000 ---p 00000000 00:00 0 
7c88bc000000-7c88bc021000 rw-p 00000000 00:00 0 
7c88bc021000-7c88c0000000 ---p 00000000 00:00 0 
7c88c0000000-7c88c07d4000 rw-p 00000000 00:00 0 
7c88c07d4000-7c88c4000000 ---p 00000000 00:00 0 
7c88c4000000-7c88c4064000 rw-p 00000000 00:00 0 
7c88c4064000-7c88c8000000 ---p 00000000 00:00 0 
7c88c8000000-7c88c8021000 rw-p 00000000 00:00 0 
7c88c8021000-7c88cc000000 ---p 00000000 00:00 0 
7c88cc000000-7c88cc021000 rw-p 00000000 00:00 0 
7c88cc021000-7c88d0000000 ---p 00000000 00:00 0 
7c88d0000000-7c88d002d000 rw-p 00000000 00:00 0 
7c88d002d000-7c88d4000000 ---p 00000000 00:00 0 
7c88d4000000-7c88d4a2d000 rw-p 00000000 00:00 0 
7c88d4a2d000-7c88d8000000 ---p 00000000 00:00 0 
7c88d8000000-7c88d8557000 rw-p 00000000 00:00 0 
7c88d8557000-7c88dc000000 ---p 00000000 00:00 0 
7c88dc000000-7c88dc021000 rw-p 00000000 00:00 0 
7c88dc021000-7c88e0000000 ---p 00000000 00:00 0 
7c88e0000000-7c88e0021000 rw-p 00000000 00:00 0 
7c88e0021000-7c88e4000000 ---p 00000000 00:00 0 
7c88e4000000-7c88e4021000 rw-p 00000000 00:00 0 
7c88e4021000-7c88e8000000 ---p 00000000 00:00 0 
7c88e8000000-7c88e8021000 rw-p 00000000 00:00 0 
7c88e8021000-7c88ec000000 ---p 00000000 00:00 0 
7c88ec000000-7c88ec021000 rw-p 00000000 00:00 0 
7c88ec021000-7c88f0000000 ---p 00000000 00:00 0 
7c88f0000000-7c88f0021000 rw-p 00000000 00:00 0 
7c88f0021000-7c88f4000000 ---p 00000000 00:00 0 
7c88f4000000-7c88f43f0000 rw-p 00000000 00:00 0 
7c88f43f0000-7c88f4d70000 rw-p 00000000 00:00 0 
7c88f4d70000-7c88f4df0000 rw-p 00000000 00:00 0 
7c88f4df0000-7c88f4ef0000 rw-p 00000000 00:00 0 
7c88f4ef0000-7c88f4f80000 rw-p 00000000 00:00 0 
7c88f4f80000-7c88f5000000 ---p 00000000 00:00 0 
7c88f5000000-7c88f51b0000 rw-p 00000000 00:00 0 
7c88f51b0000-7c88f8000000 ---p 00000000 00:00 0 
7c88f8000000-7c88f8021000 rw-p 00000000 00:00 0 
7c88f8021000-7c88fc000000 ---p 00000000 00:00 0 
7c88fe141000-7c88fe3f9000 rw-p 00000000 00:00 0 
7c88fe3f9000-7c88fe3fd000 ---p 00000000 00:00 0 
7c88fe3fd000-7c88fe4f9000 rw-p 00000000 00:00 0 
7c88fe4f9000-7c88fe4fa000 ---p 00000000 00:00 0 
7c88fe4fa000-7c88fe5fa000 rw-p 00000000 00:00 0 
7c88fe5fa000-7c88fe5fb000 ---p 00000000 00:00 0 
7c88fe5fb000-7c88fe6fb000 rw-p 00000000 00:00 0 
7c88fe6fb000-7c88fe6fc000 ---p 00000000 00:00 0 
7c88fe6fc000-7c88fe7fc000 rw-p 00000000 00:00 0 
7c88fe7fc000-7c88fe7fd000 ---p 00000000 00:00 0 
7c88fe7fd000-7c88fe8fd000 rw-p 00000000 00:00 0 
7c88fe8fd000-7c88fe8fe000 ---p 00000000 00:00 0 
7c88fe8fe000-7c88fe9fe000 rw-p 00000000 00:00 0 
7c88fe9fe000-7c88fe9ff000 ---p 00000000 00:00 0 
7c88fe9ff000-7c88feaff000 rw-p 00000000 00:00 0 
7c88feaff000-7c88feb00000 ---p 00000000 00:00 0 
7c88feb00000-7c88fec00000 rw-p 00000000 00:00 0 
7c88fec00000-7c88fec04000 ---p 00000000 00:00 0 
7c88fec04000-7c88fed00000 rw-p 00000000 00:00 0 
7c88fed00000-7c88fed04000 ---p 00000000 00:00 0 
7c88fed04000-7c88fee00000 rw-p 00000000 00:00 0 
7c88fee00000-7c88fee04000 ---p 00000000 00:00 0 
7c88fee04000-7c88fef00000 rw-p 00000000 00:00 0 
7c88fef00000-7c88fef04000 ---p 00000000 00:00 0 
7c88fef04000-7c88ff000000 rw-p 00000000 00:00 0 
7c88ff000000-7c88ffcab000 rw-p 00001000 103:07 2257166                   /usr/lib/jvm/jdk-21-oracle-x64/lib/server/classes.jsa
7c88ffcab000-7c8900000000 ---p 00000000 00:00 0 
7c8900000000-7c8900030000 rw-p 00000000 00:00 0 
7c8900030000-7c89000b0000 rw-p 00000000 00:00 0 
7c89000b0000-7c89000f0000 rw-p 00000000 00:00 0 
7c89000f0000-7c8900270000 rw-p 00000000 00:00 0 
7c8900270000-7c8940000000 ---p 00000000 00:00 0 
7c8940000000-7c8940021000 rw-p 00000000 00:00 0 
7c8940021000-7c8944000000 ---p 00000000 00:00 0 
7c8944000000-7c8944021000 rw-p 00000000 00:00 0 
7c8944021000-7c8948000000 ---p 00000000 00:00 0 
7c8948000000-7c8948021000 rw-p 00000000 00:00 0 
7c8948021000-7c894c000000 ---p 00000000 00:00 0 
7c894c000000-7c894c021000 rw-p 00000000 00:00 0 
7c894c021000-7c8950000000 ---p 00000000 00:00 0 
7c8950000000-7c8950021000 rw-p 00000000 00:00 0 
7c8950021000-7c8954000000 ---p 00000000 00:00 0 
7c89540a7000-7c89540ab000 ---p 00000000 00:00 0 
7c89540ab000-7c89541a7000 rw-p 00000000 00:00 0 
7c89541a7000-7c89541ab000 ---p 00000000 00:00 0 
7c89541ab000-7c89542a7000 rw-p 00000000 00:00 0 
7c89542a7000-7c8954375000 r-xp 00000000 103:07 2257140                   /usr/lib/jvm/jdk-21-oracle-x64/lib/libjsvml.so
7c8954375000-7c8954376000 r--p 000cd000 103:07 2257140                   /usr/lib/jvm/jdk-21-oracle-x64/lib/libjsvml.so
7c8954376000-7c8954377000 rw-p 000ce000 103:07 2257140                   /usr/lib/jvm/jdk-21-oracle-x64/lib/libjsvml.so
7c8954377000-7c895437b000 ---p 00000000 00:00 0 
7c895437b000-7c8954477000 rw-p 00000000 00:00 0 
7c8954477000-7c895447b000 ---p 00000000 00:00 0 
7c895447b000-7c8954577000 rw-p 00000000 00:00 0 
7c8954577000-7c895457b000 ---p 00000000 00:00 0 
7c895457b000-7c8954677000 rw-p 00000000 00:00 0 
7c8954677000-7c895467b000 ---p 00000000 00:00 0 
7c895467b000-7c8954777000 rw-p 00000000 00:00 0 
7c8954777000-7c895477b000 ---p 00000000 00:00 0 
7c895477b000-7c8954877000 rw-p 00000000 00:00 0 
7c8954877000-7c895487b000 ---p 00000000 00:00 0 
7c895487b000-7c8954977000 rw-p 00000000 00:00 0 
7c8954977000-7c895497b000 ---p 00000000 00:00 0 
7c895497b000-7c8954a77000 rw-p 00000000 00:00 0 
7c8954a77000-7c8954a78000 ---p 00000000 00:00 0 
7c8954a78000-7c8956d68000 rw-p 00000000 00:00 0 
7c8956d68000-7c89589f8000 ---p 00000000 00:00 0 
7c89589f8000-7c8958a00000 rw-p 00000000 00:00 0 
7c8958a00000-7c8958f80000 rwxp 00000000 00:00 0 
7c8958f80000-7c895ff37000 ---p 00000000 00:00 0 
7c895ff37000-7c89601a7000 rwxp 00000000 00:00 0 
7c89601a7000-7c89604c9000 ---p 00000000 00:00 0 
7c89604c9000-7c8960739000 rwxp 00000000 00:00 0 
7c8960739000-7c8967a00000 ---p 00000000 00:00 0 
7c8967a00000-7c896fecc000 r--s 00000000 103:07 2257157                   /usr/lib/jvm/jdk-21-oracle-x64/lib/modules
7c896feff000-7c896ff00000 ---p 00000000 00:00 0 
7c896ff00000-7c8970000000 rw-p 00000000 00:00 0 
7c8970000000-7c8970f64000 rw-p 00000000 00:00 0 
7c8970f64000-7c8974000000 ---p 00000000 00:00 0 
7c8974063000-7c8974070000 r-xp 00000000 103:07 2257155                   /usr/lib/jvm/jdk-21-oracle-x64/lib/libverify.so
7c8974070000-7c8974072000 r--p 0000c000 103:07 2257155                   /usr/lib/jvm/jdk-21-oracle-x64/lib/libverify.so
7c8974072000-7c8974073000 rw-p 0000e000 103:07 2257155                   /usr/lib/jvm/jdk-21-oracle-x64/lib/libverify.so
7c8974073000-7c897407f000 r-xp 00000000 103:07 2257147                   /usr/lib/jvm/jdk-21-oracle-x64/lib/libnet.so
7c897407f000-7c8974080000 r--p 0000b000 103:07 2257147                   /usr/lib/jvm/jdk-21-oracle-x64/lib/libnet.so
7c8974080000-7c8974081000 rw-p 0000c000 103:07 2257147                   /usr/lib/jvm/jdk-21-oracle-x64/lib/libnet.so
7c8974081000-7c8974094000 r-xp 00000000 103:07 2257148                   /usr/lib/jvm/jdk-21-oracle-x64/lib/libnio.so
7c8974094000-7c8974095000 ---p 00013000 103:07 2257148                   /usr/lib/jvm/jdk-21-oracle-x64/lib/libnio.so
7c8974095000-7c8974096000 r--p 00013000 103:07 2257148                   /usr/lib/jvm/jdk-21-oracle-x64/lib/libnio.so
7c8974096000-7c8974097000 rw-p 00014000 103:07 2257148                   /usr/lib/jvm/jdk-21-oracle-x64/lib/libnio.so
7c8974097000-7c8974173000 rw-p 00000000 00:00 0 
7c8974173000-7c8974174000 ---p 00000000 00:00 0 
7c8974174000-7c8974274000 rw-p 00000000 00:00 0 
7c8974274000-7c8974275000 ---p 00000000 00:00 0 
7c8974275000-7c8974b7d000 rw-p 00000000 00:00 0 
7c8974b7d000-7c8974b7e000 ---p 00000000 00:00 0 
7c8974b7e000-7c8974c7e000 rw-p 00000000 00:00 0 
7c8974c7e000-7c8974c7f000 ---p 00000000 00:00 0 
7c8974c7f000-7c8974d7f000 rw-p 00000000 00:00 0 
7c8974d7f000-7c8974d80000 ---p 00000000 00:00 0 
7c8974d80000-7c8974ebe000 rw-p 00000000 00:00 0 
7c8974ebe000-7c8975250000 ---p 00000000 00:00 0 
7c8975250000-7c897528f000 rw-p 00000000 00:00 0 
7c897528f000-7c8975621000 ---p 00000000 00:00 0 
7c8975621000-7c8975e2f000 rw-p 00000000 00:00 0 
7c8975e2f000-7c8975f15000 ---p 00000000 00:00 0 
7c8975f15000-7c8975f20000 rw-p 00000000 00:00 0 
7c8975f20000-7c8976000000 ---p 00000000 00:00 0 
7c8976000000-7c8976573000 r--p 00000000 103:07 2231044                   /usr/lib/locale/locale-archive
7c897657b000-7c8976580000 r-xp 00000000 103:07 2257124                   /usr/lib/jvm/jdk-21-oracle-x64/lib/libdt_socket.so
7c8976580000-7c8976581000 r--p 00004000 103:07 2257124                   /usr/lib/jvm/jdk-21-oracle-x64/lib/libdt_socket.so
7c8976581000-7c8976582000 rw-p 00005000 103:07 2257124                   /usr/lib/jvm/jdk-21-oracle-x64/lib/libdt_socket.so
7c8976582000-7c8976600000 rw-p 00000000 00:00 0 
7c8976600000-7c897790d000 r-xp 00000000 103:07 2257169                   /usr/lib/jvm/jdk-21-oracle-x64/lib/server/libjvm.so
7c897790d000-7c897790e000 ---p 0130d000 103:07 2257169                   /usr/lib/jvm/jdk-21-oracle-x64/lib/server/libjvm.so
7c897790e000-7c89779db000 r--p 0130d000 103:07 2257169                   /usr/lib/jvm/jdk-21-oracle-x64/lib/server/libjvm.so
7c89779db000-7c8977a09000 rw-p 013da000 103:07 2257169                   /usr/lib/jvm/jdk-21-oracle-x64/lib/server/libjvm.so
7c8977a09000-7c8977a6e000 rw-p 00000000 00:00 0 
7c8977a70000-7c8977a77000 r--s 00000000 103:07 2238098                   /usr/lib/x86_64-linux-gnu/gconv/gconv-modules.cache
7c8977a77000-7c8977abd000 rw-p 00000000 00:00 0 
7c8977abd000-7c8977ac4000 ---p 00000000 00:00 0 
7c8977ac4000-7c8977aca000 r--s 000f8000 07:16 874                        /snap/intellij-idea-community/498/plugins/java/lib/rt/debugger-agent.jar
7c8977aca000-7c8977ad1000 r-xp 00000000 103:07 2257156                   /usr/lib/jvm/jdk-21-oracle-x64/lib/libzip.so
7c8977ad1000-7c8977ad2000 ---p 00007000 103:07 2257156                   /usr/lib/jvm/jdk-21-oracle-x64/lib/libzip.so
7c8977ad2000-7c8977ad3000 r--p 00007000 103:07 2257156                   /usr/lib/jvm/jdk-21-oracle-x64/lib/libzip.so
7c8977ad3000-7c8977ad4000 rw-p 00008000 103:07 2257156                   /usr/lib/jvm/jdk-21-oracle-x64/lib/libzip.so
7c8977ad4000-7c8977adc000 rw-s 00000000 103:07 9175141                   /tmp/hsperfdata_mindit-166/62337
7c8977adc000-7c8977afc000 r-xp 00000000 103:07 2257132                   /usr/lib/jvm/jdk-21-oracle-x64/lib/libjava.so
7c8977afc000-7c8977afd000 ---p 00020000 103:07 2257132                   /usr/lib/jvm/jdk-21-oracle-x64/lib/libjava.so
7c8977afd000-7c8977afe000 r--p 00020000 103:07 2257132                   /usr/lib/jvm/jdk-21-oracle-x64/lib/libjava.so
7c8977afe000-7c8977aff000 rw-p 00021000 103:07 2257132                   /usr/lib/jvm/jdk-21-oracle-x64/lib/libjava.so
7c8977aff000-7c8977b00000 rw-p 00000000 00:00 0 
7c8977b00000-7c8977b04000 ---p 00000000 00:00 0 
7c8977b04000-7c8977c00000 rw-p 00000000 00:00 0 
7c8977c00000-7c8977c28000 r--p 00000000 103:07 2230366                   /usr/lib/x86_64-linux-gnu/libc.so.6
7c8977c28000-7c8977dbd000 r-xp 00028000 103:07 2230366                   /usr/lib/x86_64-linux-gnu/libc.so.6
7c8977dbd000-7c8977e15000 r--p 001bd000 103:07 2230366                   /usr/lib/x86_64-linux-gnu/libc.so.6
7c8977e15000-7c8977e16000 ---p 00215000 103:07 2230366                   /usr/lib/x86_64-linux-gnu/libc.so.6
7c8977e16000-7c8977e1a000 r--p 00215000 103:07 2230366                   /usr/lib/x86_64-linux-gnu/libc.so.6
7c8977e1a000-7c8977e1c000 rw-p 00219000 103:07 2230366                   /usr/lib/x86_64-linux-gnu/libc.so.6
7c8977e1c000-7c8977e29000 rw-p 00000000 00:00 0 
7c8977e2d000-7c8977e6d000 r-xp 00000000 103:07 2257135                   /usr/lib/jvm/jdk-21-oracle-x64/lib/libjdwp.so
7c8977e6d000-7c8977e6e000 r--p 0003f000 103:07 2257135                   /usr/lib/jvm/jdk-21-oracle-x64/lib/libjdwp.so
7c8977e6e000-7c8977e6f000 rw-p 00040000 103:07 2257135                   /usr/lib/jvm/jdk-21-oracle-x64/lib/libjdwp.so
7c8977e6f000-7c8977e70000 rw-p 00000000 00:00 0 
7c8977e70000-7c8977e8b000 r-xp 00000000 103:07 2257136                   /usr/lib/jvm/jdk-21-oracle-x64/lib/libjimage.so
7c8977e8b000-7c8977e8c000 ---p 0001b000 103:07 2257136                   /usr/lib/jvm/jdk-21-oracle-x64/lib/libjimage.so
7c8977e8c000-7c8977e8e000 r--p 0001b000 103:07 2257136                   /usr/lib/jvm/jdk-21-oracle-x64/lib/libjimage.so
7c8977e8e000-7c8977e8f000 rw-p 0001d000 103:07 2257136                   /usr/lib/jvm/jdk-21-oracle-x64/lib/libjimage.so
7c8977e8f000-7c8977e9d000 r--p 00000000 103:07 2230376                   /usr/lib/x86_64-linux-gnu/libm.so.6
7c8977e9d000-7c8977f19000 r-xp 0000e000 103:07 2230376                   /usr/lib/x86_64-linux-gnu/libm.so.6
7c8977f19000-7c8977f74000 r--p 0008a000 103:07 2230376                   /usr/lib/x86_64-linux-gnu/libm.so.6
7c8977f74000-7c8977f75000 r--p 000e4000 103:07 2230376                   /usr/lib/x86_64-linux-gnu/libm.so.6
7c8977f75000-7c8977f76000 rw-p 000e5000 103:07 2230376                   /usr/lib/x86_64-linux-gnu/libm.so.6
7c8977f76000-7c8977f77000 r--p 00000000 103:07 2230463                   /usr/lib/x86_64-linux-gnu/librt.so.1
7c8977f77000-7c8977f78000 r-xp 00001000 103:07 2230463                   /usr/lib/x86_64-linux-gnu/librt.so.1
7c8977f78000-7c8977f79000 r--p 00002000 103:07 2230463                   /usr/lib/x86_64-linux-gnu/librt.so.1
7c8977f79000-7c8977f7a000 r--p 00002000 103:07 2230463                   /usr/lib/x86_64-linux-gnu/librt.so.1
7c8977f7a000-7c8977f7b000 rw-p 00003000 103:07 2230463                   /usr/lib/x86_64-linux-gnu/librt.so.1
7c8977f7b000-7c8977f7f000 rw-p 00000000 00:00 0 
7c8977f7f000-7c8977f80000 r--p 00000000 103:07 2230369                   /usr/lib/x86_64-linux-gnu/libdl.so.2
7c8977f80000-7c8977f81000 r-xp 00001000 103:07 2230369                   /usr/lib/x86_64-linux-gnu/libdl.so.2
7c8977f81000-7c8977f82000 r--p 00002000 103:07 2230369                   /usr/lib/x86_64-linux-gnu/libdl.so.2
7c8977f82000-7c8977f83000 r--p 00002000 103:07 2230369                   /usr/lib/x86_64-linux-gnu/libdl.so.2
7c8977f83000-7c8977f84000 rw-p 00003000 103:07 2230369                   /usr/lib/x86_64-linux-gnu/libdl.so.2
7c8977f84000-7c8977f85000 r--p 00000000 103:07 2230459                   /usr/lib/x86_64-linux-gnu/libpthread.so.0
7c8977f85000-7c8977f86000 r-xp 00001000 103:07 2230459                   /usr/lib/x86_64-linux-gnu/libpthread.so.0
7c8977f86000-7c8977f87000 r--p 00002000 103:07 2230459                   /usr/lib/x86_64-linux-gnu/libpthread.so.0
7c8977f87000-7c8977f88000 r--p 00002000 103:07 2230459                   /usr/lib/x86_64-linux-gnu/libpthread.so.0
7c8977f88000-7c8977f89000 rw-p 00003000 103:07 2230459                   /usr/lib/x86_64-linux-gnu/libpthread.so.0
7c8977f89000-7c8977f97000 r-xp 00000000 103:07 2257137                   /usr/lib/jvm/jdk-21-oracle-x64/lib/libjli.so
7c8977f97000-7c8977f98000 ---p 0000e000 103:07 2257137                   /usr/lib/jvm/jdk-21-oracle-x64/lib/libjli.so
7c8977f98000-7c8977f99000 r--p 0000e000 103:07 2257137                   /usr/lib/jvm/jdk-21-oracle-x64/lib/libjli.so
7c8977f99000-7c8977f9a000 rw-p 0000f000 103:07 2257137                   /usr/lib/jvm/jdk-21-oracle-x64/lib/libjli.so
7c8977f9a000-7c8977f9c000 r--p 00000000 103:07 2256333                   /usr/lib/x86_64-linux-gnu/libz.so.1.2.11
7c8977f9c000-7c8977fad000 r-xp 00002000 103:07 2256333                   /usr/lib/x86_64-linux-gnu/libz.so.1.2.11
7c8977fad000-7c8977fb3000 r--p 00013000 103:07 2256333                   /usr/lib/x86_64-linux-gnu/libz.so.1.2.11
7c8977fb3000-7c8977fb4000 ---p 00019000 103:07 2256333                   /usr/lib/x86_64-linux-gnu/libz.so.1.2.11
7c8977fb4000-7c8977fb5000 r--p 00019000 103:07 2256333                   /usr/lib/x86_64-linux-gnu/libz.so.1.2.11
7c8977fb5000-7c8977fb6000 rw-p 0001a000 103:07 2256333                   /usr/lib/x86_64-linux-gnu/libz.so.1.2.11
7c8977fb7000-7c8977fc1000 r-xp 00000000 103:07 2257127                   /usr/lib/jvm/jdk-21-oracle-x64/lib/libinstrument.so
7c8977fc1000-7c8977fc2000 ---p 0000a000 103:07 2257127                   /usr/lib/jvm/jdk-21-oracle-x64/lib/libinstrument.so
7c8977fc2000-7c8977fc3000 r--p 0000a000 103:07 2257127                   /usr/lib/jvm/jdk-21-oracle-x64/lib/libinstrument.so
7c8977fc3000-7c8977fc4000 rw-p 0000b000 103:07 2257127                   /usr/lib/jvm/jdk-21-oracle-x64/lib/libinstrument.so
7c8977fc4000-7c8977fc5000 ---p 00000000 00:00 0 
7c8977fc5000-7c8977fc6000 r--p 00000000 00:00 0 
7c8977fc6000-7c8977fc8000 rw-p 00000000 00:00 0 
7c8977fc8000-7c8977fca000 r--p 00000000 103:07 2230232                   /usr/lib/x86_64-linux-gnu/ld-linux-x86-64.so.2
7c8977fca000-7c8977ff4000 r-xp 00002000 103:07 2230232                   /usr/lib/x86_64-linux-gnu/ld-linux-x86-64.so.2
7c8977ff4000-7c8977fff000 r--p 0002c000 103:07 2230232                   /usr/lib/x86_64-linux-gnu/ld-linux-x86-64.so.2
7c8977fff000-7c8978000000 ---p 00000000 00:00 0 
7c8978000000-7c8978002000 r--p 00037000 103:07 2230232                   /usr/lib/x86_64-linux-gnu/ld-linux-x86-64.so.2
7c8978002000-7c8978004000 rw-p 00039000 103:07 2230232                   /usr/lib/x86_64-linux-gnu/ld-linux-x86-64.so.2
7ffdb6974000-7ffdb6998000 rw-p 00000000 00:00 0                          [stack]
7ffdb699c000-7ffdb69a0000 r--p 00000000 00:00 0                          [vvar]
7ffdb69a0000-7ffdb69a2000 r-xp 00000000 00:00 0                          [vdso]
ffffffffff600000-ffffffffff601000 --xp 00000000 00:00 0                  [vsyscall]
Total number of mappings: 257


VM Arguments:
jvm_args: -agentlib:jdwp=transport=dt_socket,address=127.0.0.1:46353,suspend=y,server=n -javaagent:/snap/intellij-idea-community/498/plugins/java/lib/rt/debugger-agent.jar -Dfile.encoding=UTF-8 -Dsun.stdout.encoding=UTF-8 -Dsun.stderr.encoding=UTF-8 
java_command: com.mirai.MiraiApplication
java_class_path (initial): /home/mindit-166/Desktop/miraiapi/target/classes:/home/mindit-166/.m2/repository/com/amazonaws/aws-java-sdk-s3/1.11.1000/aws-java-sdk-s3-1.11.1000.jar:/home/mindit-166/.m2/repository/com/amazonaws/aws-java-sdk-kms/1.11.1000/aws-java-sdk-kms-1.11.1000.jar:/home/mindit-166/.m2/repository/com/amazonaws/aws-java-sdk-core/1.11.1000/aws-java-sdk-core-1.11.1000.jar:/home/mindit-166/.m2/repository/commons-logging/commons-logging/1.1.3/commons-logging-1.1.3.jar:/home/mindit-166/.m2/repository/org/apache/httpcomponents/httpclient/4.5.13/httpclient-4.5.13.jar:/home/mindit-166/.m2/repository/org/apache/httpcomponents/httpcore/4.4.16/httpcore-4.4.16.jar:/home/mindit-166/.m2/repository/software/amazon/ion/ion-java/1.0.2/ion-java-1.0.2.jar:/home/mindit-166/.m2/repository/com/fasterxml/jackson/dataformat/jackson-dataformat-cbor/2.15.4/jackson-dataformat-cbor-2.15.4.jar:/home/mindit-166/.m2/repository/joda-time/joda-time/2.8.1/joda-time-2.8.1.jar:/home/mindit-166/.m2/repository/com/amazonaws/jmespath-java/1.11.1000/jmespath-java-1.11.1000.jar:/home/mindit-166/.m2/repository/org/springframework/spring-core/6.1.4/spring-core-6.1.4.jar:/home/mindit-166/.m2/repository/org/springframework/spring-jcl/6.1.4/spring-jcl-6.1.4.jar:/home/mindit-166/.m2/repository/org/springframework/boot/spring-boot-starter-data-jpa/3.2.3/spring-boot-starter-data-jpa-3.2.3.jar:/home/mindit-166/.m2/repository/org/springframework/boot/spring-boot-starter-aop/3.2.3/spring-boot-starter-aop-3.2.3.jar:/home/mindit-166/.m2/repository/org/aspectj/aspectjweaver/1.9.21/aspectjweaver-1.9.21.jar:/home/mindit-166/.m2/repository/org/springframework/boot/spring-boot-starter-jdbc/3.2.3/spring-boot-starter-jdbc-3.2.3.jar:/home/mindit-166/.m2/repository/com/zaxxer/HikariCP/5.0.1/HikariCP-5.0.1.jar:/home/mindit-166/.m2/repository/org/springframework/spring-jdbc/6.1.4/spring-jdbc-6.1.4.jar:/home/mindit-166/.m2/repository/org/hibernate/orm/hibernate-core/6.4.4.Final/hibernate-core-6.4.4.Final.jar:/home/mindit-166/.m2/repository/jakarta/persistence/jakarta.persistence-api/3.1.0/jakarta.persistence-api-3.1.0.jar:/home/mindit-166/.m2/repository/jakarta/transaction/jakarta.transaction-api/2.0.1/jakarta.transaction-api-2.0.1.jar:/home/mindit-166/.m2/repository/org/jboss/logging/jboss-logging/3.5.3.Final/jboss-logging-3.5.3.Final.jar:/home/mindit-166/.m2/repository/org/hibernate/common/hibernate-commons-annotations/6.0.6.Final/hibernate-commons-annotations-6.0.6.Final.jar:/home/mindit-166/.m2/repository/io/smallrye/jandex/3.1.2/jandex-3.1.2.jar:/home/mindit-166/.m2/repository/com/fasterxml/classmate/1.6.0/classmate-1.6.0.jar:/home/mindit-166/.m2/repository/net/bytebuddy/byte-buddy/1.14.12/byte-buddy-1.14.12.jar:/home/mindit-166/.m2/repository/org/glassfish/jaxb/jaxb-runtime/4.0.4/jaxb-runtime-4.0.4.jar:/home/mindit-166/.m2/repository/org/glassfish/jaxb/jaxb-core/4.0.4/jaxb-core-4.0.4.jar:/home/mindit-166/.m2/repository/org/glassfish/jaxb/txw2/4.0.4/txw2-4.0.4.jar:/home/mindit-166/.m2/repository/com/sun/istack/istack-commons-runtime/4.1.2/istack-commons-runtime-4.1.2.jar:/home/mindit-166/.m2/repository/jakarta/inject/jakarta.inject-api/2.0.1/jakarta.inject-api-2.0.1.jar:/home/mindit-166/.m2/repository/org/antlr/antlr4-runtime/4.13.0/antlr4-runtime-4.13.0.jar:/home/mindit-166/.m2/repository/org/springframework/data/spring-data-jpa/3.2.3/spring-data-jpa-3.2.3.jar:/home/mindit-166/.m2/repository/org/springframework/data/spring-data-commons/3.2.3/spring-data-commons-3.2.3.jar:/home/mindit-166/.m2/repository/org/springframework/spring-orm/6.1.4/spring-orm-6.1.4.jar:/home/mindit-166/.m2/repository/org/springframework/spring-context/6.1.4/spring-context-6.1.4.jar:/home/mindit-166/.m2/repository/org/springframework/spring-tx/6.1.4/spring-tx-6.1.4.jar:/home/mindit-166/.m2/repository/org/springframework/spring-beans/6.1.4/spring-beans-6.1.4.jar:/home/mindit-166/.m2/repository/jakarta/annotation/jakarta.annotation-api/2.1.1/jakarta.annotation-api-2.1.1.jar:/home/mindit-166/.m2/repository/org/slf4j/slf4j-api/2.0.12/slf4j-api-2.0.12.jar:/home/mindit-166/.m2/repository/org/springframework/spring-aspects/6.1.4/spring-aspects-6.1.4.jar:/home/mindit-166/.m2/repository/org/springframework/boot/spring-boot-starter-web/3.2.3/spring-boot-starter-web-3.2.3.jar:/home/mindit-166/.m2/repository/org/springframework/boot/spring-boot-starter/3.2.3/spring-boot-starter-3.2.3.jar:/home/mindit-166/.m2/repository/org/springframework/boot/spring-boot/3.2.3/spring-boot-3.2.3.jar:/home/mindit-166/.m2/repository/org/springframework/boot/spring-boot-autoconfigure/3.2.3/spring-boot-autoconfigure-3.2.3.jar:/home/mindit-166/.m2/repository/org/springframework/boot/spring-boot-starter-logging/3.2.3/spring-boot-starter-logging-3.2.3.jar:/home/mindit-166/.m2/repository/ch/qos/logback/logback-classic/1.4.14/logback-classic-1.4.14.jar:/home/mindit-166/.m2/repository/ch/qos/logback/logback-core/1.4.14/logback-core-1.4.14.jar:/home/mindit-166/.m2/repository/org/apache/logging/log4j/log4j-to-slf4j/2.21.1/log4j-to-slf4j-2.21.1.jar:/home/mindit-166/.m2/repository/org/slf4j/jul-to-slf4j/2.0.12/jul-to-slf4j-2.0.12.jar:/home/mindit-166/.m2/repository/org/yaml/snakeyaml/2.2/snakeyaml-2.2.jar:/home/mindit-166/.m2/repository/org/springframework/boot/spring-boot-starter-json/3.2.3/spring-boot-starter-json-3.2.3.jar:/home/mindit-166/.m2/repository/com/fasterxml/jackson/datatype/jackson-datatype-jdk8/2.15.4/jackson-datatype-jdk8-2.15.4.jar:/home/mindit-166/.m2/repository/com/fasterxml/jackson/datatype/jackson-datatype-jsr310/2.15.4/jackson-datatype-jsr310-2.15.4.jar:/home/mindit-166/.m2/repository/com/fasterxml/jackson/module/jackson-module-parameter-names/2.15.4/jackson-module-parameter-names-2.15.4.jar:/home/mindit-166/.m2/repository/org/springframework/boot/spring-boot-starter-tomcat/3.2.3/spring-boot-starter-tomcat-3.2.3.jar:/home/mindit-166/.m2/repository/org/apache/tomcat/embed/tomcat-embed-core/10.1.19/tomcat-embed-core-10.1.19.jar:/home/mindit-166/.m2/repository/org/apache/tomcat/embed/tomcat-embed-el/10.1.19/tomcat-embed-el-10.1.19.jar:/home/mindit-166/.m2/repository/org/apache/tomcat/embed/tomcat-embed-websocket/10.1.19/tomcat-embed-websocket-10.1.19.jar:/home/mindit-166/.m2/repository/org/springframework/spring-web/6.1.4/spring-web-6.1.4.jar:/home/mindit-166/.m2/repository/org/springframework/spring-webmvc/6.1.4/spring-webmvc-6.1.4.jar:/home/mindit-166/.m2/repository/org/springframework/spring-expression/6.1.4/spring-expression-6.1.4.jar:/home/mindit-166/.m2/repository/org/springframework/boot/spring-boot-starter-actuator/3.2.3/spring-boot-starter-actuator-3.2.3.jar:/home/mindit-166/.m2/repository/org/springframework/boot/spring-boot-actuator-autoconfigure/3.2.3/spring-boot-actuator-autoconfigure-3.2.3.jar:/home/mindit-166/.m2/repository/org/springframework/boot/spring-boot-actuator/3.2.3/spring-boot-actuator-3.2.3.jar:/home/mindit-166/.m2/repository/io/micrometer/micrometer-observation/1.12.3/micrometer-observation-1.12.3.jar:/home/mindit-166/.m2/repository/io/micrometer/micrometer-commons/1.12.3/micrometer-commons-1.12.3.jar:/home/mindit-166/.m2/repository/io/micrometer/micrometer-jakarta9/1.12.3/micrometer-jakarta9-1.12.3.jar:/home/mindit-166/.m2/repository/io/micrometer/micrometer-core/1.12.3/micrometer-core-1.12.3.jar:/home/mindit-166/.m2/repository/org/hdrhistogram/HdrHistogram/2.1.12/HdrHistogram-2.1.12.jar:/home/mindit-166/.m2/repository/org/latencyutils/LatencyUtils/2.0.3/LatencyUtils-2.0.3.jar:/home/mindit-166/.m2/repository/jakarta/validation/jakarta.validation-api/3.0.2/jakarta.validation-api-3.0.2.jar:/home/mindit-166/.m2/repository/com/mysql/mysql-connector-j/8.3.0/mysql-connector-j-8.3.0.jar:/home/mindit-166/.m2/repository/org/projectlombok/lombok/1.18.30/lombok-1.18.30.jar:/home/mindit-166/.m2/repository/org/springframework/boot/spring-boot-starter-security/3.2.3/spring-boot-starter-security-3.2.3.jar:/home/mindit-166/.m2/repository/org/springframework/spring-aop/6.1.4/spring-aop-6.1.4.jar:/home/mindit-166/.m2/repository/org/springframework/security/spring-security-config/6.2.2/spring-security-config-6.2.2.jar:/home/mindit-166/.m2/repository/org/springframework/security/spring-security-web/6.2.2/spring-security-web-6.2.2.jar:/home/mindit-166/.m2/repository/org/springframework/security/spring-security-core/6.2.2/spring-security-core-6.2.2.jar:/home/mindit-166/.m2/repository/org/springframework/security/spring-security-crypto/6.2.2/spring-security-crypto-6.2.2.jar:/home/mindit-166/.m2/repository/io/jsonwebtoken/jjwt-api/0.11.2/jjwt-api-0.11.2.jar:/home/mindit-166/.m2/repository/io/jsonwebtoken/jjwt-impl/0.11.3/jjwt-impl-0.11.3.jar:/home/mindit-166/.m2/repository/io/jsonwebtoken/jjwt-jackson/0.11.2/jjwt-jackson-0.11.2.jar:/home/mindit-166/.m2/repository/com/fasterxml/jackson/core/jackson-databind/2.15.4/jackson-databind-2.15.4.jar:/home/mindit-166/.m2/repository/com/fasterxml/jackson/core/jackson-annotations/2.15.4/jackson-annotations-2.15.4.jar:/home/mindit-166/.m2/repository/com/fasterxml/jackson/core/jackson-core/2.15.4/jackson-core-2.15.4.jar:/home/mindit-166/.m2/repository/org/springframework/boot/spring-boot-starter-mail/3.0.4/spring-boot-starter-mail-3.0.4.jar:/home/mindit-166/.m2/repository/org/springframework/spring-context-support/6.1.4/spring-context-support-6.1.4.jar:/home/mindit-166/.m2/repository/org/eclipse/angus/jakarta.mail/2.0.2/jakarta.mail-2.0.2.jar:/home/mindit-166/.m2/repository/jakarta/activation/jakarta.activation-api/2.1.2/jakarta.activation-api-2.1.2.jar:/home/mindit-166/.m2/repository/org/eclipse/angus/angus-activation/2.0.1/angus-activation-2.0.1.jar:/home/mindit-166/.m2/repository/com/sun/mail/javax.mail/1.6.2/javax.mail-1.6.2.jar:/home/mindit-166/.m2/repository/javax/activation/activation/1.1/activation-1.1.jar:/home/mindit-166/.m2/repository/jakarta/xml/bind/jakarta.xml.bind-api/4.0.1/jakarta.xml.bind-api-4.0.1.jar:/home/mindit-166/.m2/repository/com/google/zxing/javase/3.4.1/javase-3.4.1.jar:/home/mindit-166/.m2/repository/com/beust/jcommander/1.78/jcommander-1.78.jar:/home/mindit-166/.m2/repository/com/github/jai-imageio/jai-imageio-core/1.4.0/jai-imageio-core-1.4.0.jar:/home/mindit-166/.m2/repository/org/apache/poi/poi/5.2.5/poi-5.2.5.jar:/home/mindit-166/.m2/repository/commons-codec/commons-codec/1.16.1/commons-codec-1.16.1.jar:/home/mindit-166/.m2/repository/org/apache/commons/commons-collections4/4.4/commons-collections4-4.4.jar:/home/mindit-166/.m2/repository/org/apache/commons/commons-math3/3.6.1/commons-math3-3.6.1.jar:/home/mindit-166/.m2/repository/commons-io/commons-io/2.15.0/commons-io-2.15.0.jar:/home/mindit-166/.m2/repository/com/zaxxer/SparseBitSet/1.3/SparseBitSet-1.3.jar:/home/mindit-166/.m2/repository/org/apache/logging/log4j/log4j-api/2.21.1/log4j-api-2.21.1.jar:/home/mindit-166/.m2/repository/com/google/zxing/core/3.4.1/core-3.4.1.jar:/home/mindit-166/.m2/repository/com/diffplug/spotless/spotless-maven-plugin/2.35.0/spotless-maven-plugin-2.35.0.jar:/home/mindit-166/.m2/repository/com/diffplug/spotless/spotless-lib/2.37.0/spotless-lib-2.37.0.jar:/home/mindit-166/.m2/repository/com/diffplug/spotless/spotless-lib-extra/2.37.0/spotless-lib-extra-2.37.0.jar:/home/mindit-166/.m2/repository/com/googlecode/concurrent-trees/concurrent-trees/2.6.1/concurrent-trees-2.6.1.jar:/home/mindit-166/.m2/repository/dev/equo/ide/solstice/1.0.0/solstice-1.0.0.jar:/home/mindit-166/.m2/repository/com/diffplug/durian/durian-swt.os/4.1.1/durian-swt.os-4.1.1.jar:/home/mindit-166/.m2/repository/org/eclipse/platform/org.eclipse.osgi/3.18.200/org.eclipse.osgi-3.18.200.jar:/home/mindit-166/.m2/repository/org/tukaani/xz/1.9/xz-1.9.jar:/home/mindit-166/.m2/repository/com/squareup/okhttp3/okhttp/4.12.0/okhttp-4.12.0.jar:/home/mindit-166/.m2/repository/com/squareup/okio/okio/3.6.0/okio-3.6.0.jar:/home/mindit-166/.m2/repository/com/squareup/okio/okio-jvm/3.6.0/okio-jvm-3.6.0.jar:/home/mindit-166/.m2/repository/org/jetbrains/kotlin/kotlin-stdlib-common/1.9.22/kotlin-stdlib-common-1.9.22.jar:/home/mindit-166/.m2/repository/org/jetbrains/kotlin/kotlin-stdlib-jdk8/1.9.22/kotlin-stdlib-jdk8-1.9.22.jar:/home/mindit-166/.m2/repository/org/jetbrains/kotlin/kotlin-stdlib/1.9.22/kotlin-stdlib-1.9.22.jar:/home/mindit-166/.m2/repository/org/jetbrains/annotations/13.0/annotations-13.0.jar:/home/mindit-166/.m2/repository/org/jetbrains/kotlin/kotlin-stdlib-jdk7/1.9.22/kotlin-stdlib-jdk7-1.9.22.jar:/home/mindit-166/.m2/repository/com/diffplug/durian/durian-core/1.2.0/durian-core-1.2.0.jar:/home/mindit-166/.m2/repository/com/diffplug/durian/durian-collect/1.2.0/durian-collect-1.2.0.jar:/home/mindit-166/.m2/repository/org/codehaus/plexus/plexus-resources/1.2.0/plexus-resources-1.2.0.jar:/home/mindit-166/.m2/repository/org/codehaus/plexus/plexus-utils/3.4.1/plexus-utils-3.4.1.jar:/home/mindit-166/.m2/repository/javax/inject/javax.inject/1/javax.inject-1.jar:/home/mindit-166/.m2/repository/org/eclipse/jgit/org.eclipse.jgit/6.5.0.202303070854-r/org.eclipse.jgit-6.5.0.202303070854-r.jar:/home/mindit-166/.m2/repository/com/googlecode/javaewah/JavaEWAH/1.1.13/JavaEWAH-1.1.13.jar:/home/mindit-166/.m2/repository/org/sonatype/plexus/plexus-build-api/0.0.7/plexus-build-api-0.0.7.jar:/home/mindit-166/.m2/repository/com/amazonaws/aws-java-sdk-rekognition/1.12.473/aws-java-sdk-rekognition-1.12.473.jar:/snap/intellij-idea-community/498/lib/idea_rt.jar
Launcher Type: SUN_STANDARD

[Global flags]
     intx CICompilerCount                          = 4                                         {product} {ergonomic}
     uint ConcGCThreads                            = 2                                         {product} {ergonomic}
     uint G1ConcRefinementThreads                  = 8                                         {product} {ergonomic}
   size_t G1HeapRegionSize                         = 1048576                                   {product} {ergonomic}
    uintx GCDrainStackTargetSize                   = 64                                        {product} {ergonomic}
   size_t InitialHeapSize                          = 130023424                                 {product} {ergonomic}
   size_t MarkStackSize                            = 4194304                                   {product} {ergonomic}
   size_t MaxHeapSize                              = 2048917504                                {product} {ergonomic}
   size_t MaxNewSize                               = 1228931072                                {product} {ergonomic}
   size_t MinHeapDeltaBytes                        = 1048576                                   {product} {ergonomic}
   size_t MinHeapSize                              = 8388608                                   {product} {ergonomic}
    uintx NonNMethodCodeHeapSize                   = 5839372                                {pd product} {ergonomic}
    uintx NonProfiledCodeHeapSize                  = 122909434                              {pd product} {ergonomic}
    uintx ProfiledCodeHeapSize                     = 122909434                              {pd product} {ergonomic}
    uintx ReservedCodeCacheSize                    = 251658240                              {pd product} {ergonomic}
     bool SegmentedCodeCache                       = true                                      {product} {ergonomic}
   size_t SoftMaxHeapSize                          = 2048917504                             {manageable} {ergonomic}
     bool UseCompressedOops                        = true                           {product lp64_product} {ergonomic}
     bool UseG1GC                                  = true                                      {product} {ergonomic}

Logging:
Log output configuration:
 #0: stdout all=warning uptime,level,tags foldmultilines=false
 #1: stderr all=off uptime,level,tags foldmultilines=false

Environment Variables:
PATH=/home/mindit-166/.local/bin:/usr/local/sbin:/usr/local/bin:/usr/sbin:/usr/bin:/sbin:/bin:/usr/games:/usr/local/games:/snap/bin:/snap/bin
USERNAME=mindit-166
SHELL=/bin/bash
DISPLAY=:1
LANG=en_IN

Active Locale:
LC_ALL=en_IN
LC_COLLATE=en_IN
LC_CTYPE=en_IN
LC_MESSAGES=en_IN
LC_MONETARY=en_IN
LC_NUMERIC=en_IN
LC_TIME=en_IN

Signal Handlers:
   SIGSEGV: crash_handler in libjvm.so, mask=11100100010111111101111111111110, flags=SA_RESTART|SA_SIGINFO, unblocked
    SIGBUS: crash_handler in libjvm.so, mask=11100100010111111101111111111110, flags=SA_RESTART|SA_SIGINFO, unblocked
    SIGFPE: crash_handler in libjvm.so, mask=11100100010111111101111111111110, flags=SA_RESTART|SA_SIGINFO, unblocked
   SIGPIPE: javaSignalHandler in libjvm.so, mask=11100100010111111101111111111110, flags=SA_RESTART|SA_SIGINFO, blocked
   SIGXFSZ: javaSignalHandler in libjvm.so, mask=11100100010111111101111111111110, flags=SA_RESTART|SA_SIGINFO, blocked
    SIGILL: crash_handler in libjvm.so, mask=11100100010111111101111111111110, flags=SA_RESTART|SA_SIGINFO, unblocked
   SIGUSR2: SR_handler in libjvm.so, mask=00100000000000000000000000000000, flags=SA_RESTART|SA_SIGINFO, blocked
    SIGHUP: UserHandler in libjvm.so, mask=11100100010111111101111111111110, flags=SA_RESTART|SA_SIGINFO, blocked
    SIGINT: UserHandler in libjvm.so, mask=11100100010111111101111111111110, flags=SA_RESTART|SA_SIGINFO, blocked
   SIGTERM: UserHandler in libjvm.so, mask=11100100010111111101111111111110, flags=SA_RESTART|SA_SIGINFO, blocked
   SIGQUIT: UserHandler in libjvm.so, mask=11100100010111111101111111111110, flags=SA_RESTART|SA_SIGINFO, blocked
   SIGTRAP: crash_handler in libjvm.so, mask=11100100010111111101111111111110, flags=SA_RESTART|SA_SIGINFO, unblocked


Periodic native trim disabled

---------------  S Y S T E M  ---------------

OS:
DISTRIB_ID=Ubuntu
DISTRIB_RELEASE=22.04
DISTRIB_CODENAME=jammy
DISTRIB_DESCRIPTION="Ubuntu 22.04.4 LTS"
uname: Linux 6.5.0-35-generic #35~22.04.1-Ubuntu SMP PREEMPT_DYNAMIC Tue May  7 09:00:52 UTC 2 x86_64
OS uptime: 1 days 5:43 hours
libc: glibc 2.35 NPTL 2.35 
rlimit (soft/hard): STACK 8192k/infinity , CORE 0k/infinity , NPROC 30939/30939 , NOFILE 1048576/1048576 , AS infinity/infinity , CPU infinity/infinity , DATA infinity/infinity , FSIZE infinity/infinity , MEMLOCK 999648k/999648k
load average: 1.66 1.52 1.06

/proc/meminfo:
MemTotal:        7997184 kB
MemFree:          436324 kB
MemAvailable:    1407308 kB
Buffers:           11824 kB
Cached:          1598440 kB
SwapCached:      1751908 kB
Active:          3604156 kB
Inactive:        3135068 kB
Active(anon):    3120048 kB
Inactive(anon):  2494344 kB
Active(file):     484108 kB
Inactive(file):   640724 kB
Unevictable:      131012 kB
Mlocked:              56 kB
SwapTotal:      15624188 kB
SwapFree:        9145084 kB
Zswap:                 0 kB
Zswapped:              0 kB
Dirty:               508 kB
Writeback:             0 kB
AnonPages:       5198204 kB
Mapped:           646488 kB
Shmem:            485820 kB
KReclaimable:     131836 kB
Slab:             383568 kB
SReclaimable:     131836 kB
SUnreclaim:       251732 kB
KernelStack:       28656 kB
PageTables:       100128 kB
SecPageTables:         0 kB
NFS_Unstable:          0 kB
Bounce:                0 kB
WritebackTmp:          0 kB
CommitLimit:    19622780 kB
Committed_AS:   26646636 kB
VmallocTotal:   34359738367 kB
VmallocUsed:       69380 kB
VmallocChunk:          0 kB
Percpu:             6816 kB
HardwareCorrupted:     0 kB
AnonHugePages:         0 kB
ShmemHugePages:        0 kB
ShmemPmdMapped:        0 kB
FileHugePages:         0 kB
FilePmdMapped:         0 kB
Unaccepted:            0 kB
HugePages_Total:       0
HugePages_Free:        0
HugePages_Rsvd:        0
HugePages_Surp:        0
Hugepagesize:       2048 kB
Hugetlb:               0 kB
DirectMap4k:      244340 kB
DirectMap2M:     3825664 kB
DirectMap1G:     4194304 kB

/sys/kernel/mm/transparent_hugepage/enabled: always [madvise] never
/sys/kernel/mm/transparent_hugepage/defrag (defrag/compaction efforts parameter): always defer defer+madvise [madvise] never

Process Memory:
Virtual Size: 5570484K (peak: 5570816K)
Resident Set Size: 175348K (peak: 175348K) (anon: 150876K, file: 24472K, shmem: 0K)
Swapped out: 0K
C-Heap outstanding allocations: 60024K, retained: 7531K
glibc malloc tunables: (default)

/proc/sys/kernel/threads-max (system-wide limit on the number of threads): 61879
/proc/sys/vm/max_map_count (maximum number of memory map areas a process may have): 65530
/proc/sys/kernel/pid_max (system-wide limit on number of process identifiers): 4194304

container (cgroup) information:
container_type: cgroupv2
cpu_cpuset_cpus: not supported
cpu_memory_nodes: not supported
active_processor_count: 8
cpu_quota: not supported
cpu_period: not supported
cpu_shares: not supported
memory_limit_in_bytes: unlimited
memory_and_swap_limit_in_bytes: unlimited
memory_soft_limit_in_bytes: unlimited
memory_usage_in_bytes: 3094040 k
memory_max_usage_in_bytes: not supported
memory_swap_current_in_bytes: 1955036 k
memory_swap_max_limit_in_bytes: unlimited
maximum number of tasks: 9281
current number of tasks: 297

Steal ticks since vm start: 0
Steal ticks percentage since vm start:  0.000

CPU: total 8 (initial active 8) (4 cores per cpu, 2 threads per core) family 6 model 142 stepping 10 microcode 0xf4, cx8, cmov, fxsr, ht, mmx, 3dnowpref, sse, sse2, sse3, ssse3, sse4.1, sse4.2, popcnt, lzcnt, tsc, tscinvbit, avx, avx2, aes, erms, clmul, bmi1, bmi2, adx, fma, vzeroupper, clflush, clflushopt, rdtscp, f16c
CPU Model and flags from /proc/cpuinfo:
model name	: Intel(R) Core(TM) i5-8350U CPU @ 1.70GHz
flags		: fpu vme de pse tsc msr pae mce cx8 apic sep mtrr pge mca cmov pat pse36 clflush dts acpi mmx fxsr sse sse2 ss ht tm pbe syscall nx pdpe1gb rdtscp lm constant_tsc art arch_perfmon pebs bts rep_good nopl xtopology nonstop_tsc cpuid aperfmperf pni pclmulqdq dtes64 monitor ds_cpl vmx smx est tm2 ssse3 sdbg fma cx16 xtpr pdcm pcid sse4_1 sse4_2 x2apic movbe popcnt tsc_deadline_timer aes xsave avx f16c rdrand lahf_lm abm 3dnowprefetch cpuid_fault epb invpcid_single pti ssbd ibrs ibpb stibp tpr_shadow flexpriority ept vpid ept_ad fsgsbase tsc_adjust bmi1 avx2 smep bmi2 erms invpcid mpx rdseed adx smap clflushopt intel_pt xsaveopt xsavec xgetbv1 xsaves dtherm ida arat pln pts hwp hwp_notify hwp_act_window hwp_epp vnmi md_clear flush_l1d arch_capabilities

Online cpus: 0-7
Offline cpus: 
BIOS frequency limitation: <Not Available>
Frequency switch latency (ns): 0
Available cpu frequencies: <Not Available>
Current governor: powersave
Core performance/turbo boost: <Not Available>

Memory: 4k page, physical 7997184k(1407308k free), swap 15624188k(9145084k free)
Page Sizes: 4k

vm_info: Java HotSpot(TM) 64-Bit Server VM (21.0.1+12-LTS-29) for linux-amd64 JRE (21.0.1+12-LTS-29), built on 2023-10-05T13:27:09Z by "mach5one" with gcc 11.2.0

END.
